\BOOKMARK [0][-]{chapter*.3}{\376\377\000I\000n\000t\000r\000o\000d\000u\000c\000t\000i\000o\000n}{}% 1
\BOOKMARK [1][-]{section*.4}{\376\377\000H\000i\000s\000t\000o\000r\000i\000c\000a\000l\000\040\000b\000a\000c\000k\000g\000r\000o\000u\000n\000d}{chapter*.3}% 2
\BOOKMARK [1][-]{section*.5}{\376\377\000S\000t\000a\000t\000e\000\040\000o\000f\000\040\000t\000h\000e\000\040\000a\000r\000t}{chapter*.3}% 3
\BOOKMARK [1][-]{section*.6}{\376\377\000R\000e\000l\000e\000v\000a\000n\000c\000e\000\040\000o\000f\000\040\000t\000h\000i\000s\000\040\000w\000o\000r\000k}{chapter*.3}% 4
\BOOKMARK [0][-]{chapter.1}{\376\377\000T\000h\000e\000o\000r\000y\000:\000\040\000B\000a\000c\000k\000g\000r\000o\000u\000n\000d}{}% 5
\BOOKMARK [1][-]{section.1.1}{\376\377\000O\000p\000t\000i\000c\000s}{chapter.1}% 6
\BOOKMARK [2][-]{subsection.1.1.1}{\376\377\000S\000p\000a\000t\000i\000a\000l\000\040\000M\000o\000d\000e\000s}{section.1.1}% 7
\BOOKMARK [2][-]{subsection.1.1.2}{\376\377\000Q\000u\000a\000n\000t\000u\000m\000\040\000D\000e\000s\000c\000r\000i\000p\000t\000i\000o\000n}{section.1.1}% 8
\BOOKMARK [2][-]{subsection.1.1.3}{\376\377\000C\000o\000h\000e\000r\000e\000n\000t\000\040\000a\000n\000d\000\040\000S\000q\000u\000e\000e\000z\000e\000d\000\040\000S\000t\000a\000t\000e\000s}{section.1.1}% 9
\BOOKMARK [2][-]{subsection.1.1.4}{\376\377\000C\000l\000a\000s\000s\000i\000c\000a\000l\000\040\000M\000o\000d\000u\000l\000a\000t\000i\000o\000n\000s}{section.1.1}% 10
\BOOKMARK [2][-]{subsection.1.1.5}{\376\377\000Q\000u\000a\000n\000t\000u\000m\000\040\000S\000i\000d\000e\000b\000a\000n\000d\000\040\000D\000i\000a\000g\000r\000a\000m\000\040}{section.1.1}% 11
\BOOKMARK [1][-]{section.1.2}{\376\377\000C\000a\000v\000i\000t\000i\000e\000s}{chapter.1}% 12
\BOOKMARK [2][-]{subsection.1.2.1}{\376\377\000C\000a\000v\000i\000t\000y\000\040\000G\000e\000o\000m\000e\000t\000r\000i\000e\000s\000\040\000a\000n\000d\000\040\000S\000t\000a\000b\000i\000l\000i\000t\000y\000\040\000C\000o\000n\000d\000i\000t\000i\000o\000n\000s}{section.1.2}% 13
\BOOKMARK [2][-]{subsection.1.2.2}{\376\377\000C\000a\000v\000i\000t\000y\000\040\000R\000e\000s\000o\000n\000a\000n\000c\000e\000s}{section.1.2}% 14
\BOOKMARK [2][-]{subsection.1.2.3}{\376\377\000M\000o\000d\000e\000-\000M\000a\000t\000c\000h\000i\000n\000g}{section.1.2}% 15
\BOOKMARK [2][-]{subsection.1.2.4}{\376\377\000S\000i\000m\000p\000l\000e\000\040\000C\000a\000v\000i\000t\000i\000e\000s}{section.1.2}% 16
\BOOKMARK [2][-]{subsection.1.2.5}{\376\377\000N\000o\000n\000\040\000L\000i\000n\000e\000a\000r\000\040\000C\000a\000v\000i\000t\000i\000e\000s}{section.1.2}% 17
\BOOKMARK [2][-]{subsection.1.2.6}{\376\377\000O\000p\000t\000o\000m\000e\000c\000h\000a\000n\000i\000c\000a\000l\000\040\000C\000a\000v\000i\000t\000i\000e\000s}{section.1.2}% 18
\BOOKMARK [1][-]{section.1.3}{\376\377\000D\000e\000t\000e\000c\000t\000i\000o\000n}{chapter.1}% 19
\BOOKMARK [2][-]{subsection.1.3.1}{\376\377\000D\000i\000r\000e\000c\000t\000\040\000d\000e\000t\000e\000c\000t\000i\000o\000n}{section.1.3}% 20
\BOOKMARK [2][-]{subsection.1.3.2}{\376\377\000B\000a\000l\000a\000n\000c\000e\000d\000\040\000H\000o\000m\000o\000d\000y\000n\000e\000\040\000D\000e\000t\000e\000c\000t\000i\000o\000n}{section.1.3}% 21
\BOOKMARK [0][-]{chapter.2}{\376\377\000T\000h\000e\000o\000r\000y\000:\000\040\000S\000q\000u\000e\000e\000z\000e\000d\000\040\000L\000i\000g\000h\000t\000\040\000\046\000\040\000O\000p\000t\000o\000m\000e\000c\000h\000a\000n\000i\000c\000s}{}% 22
\BOOKMARK [1][-]{section.2.1}{\376\377\000S\000q\000u\000e\000e\000z\000e\000d\000\040\000L\000i\000g\000h\000t\000\040\000a\000n\000d\000\040\000O\000p\000t\000o\000m\000e\000c\000h\000a\000n\000i\000c\000s}{chapter.2}% 23
\BOOKMARK [2][-]{subsection.2.1.1}{\376\377\000S\000t\000a\000n\000d\000a\000r\000d\000\040\000Q\000u\000a\000n\000t\000u\000m\000\040\000L\000i\000m\000i\000t}{section.2.1}% 24
\BOOKMARK [2][-]{subsection.2.1.2}{\376\377\000F\000r\000e\000q\000u\000e\000n\000c\000y\000\040\000I\000n\000d\000e\000p\000e\000n\000d\000e\000n\000t\000\040\000S\000q\000u\000e\000e\000z\000i\000n\000g\000\040\000i\000n\000\040\000O\000p\000t\000o\000m\000e\000c\000h\000a\000n\000i\000c\000a\000l\000\040\000C\000a\000v\000i\000t\000i\000e\000s}{section.2.1}% 25
\BOOKMARK [2][-]{subsection.2.1.3}{\376\377\000F\000r\000e\000q\000u\000e\000n\000c\000y\000\040\000D\000e\000p\000e\000n\000d\000e\000n\000t\000\040\000S\000q\000u\000e\000e\000z\000i\000n\000g\000\040\000i\000n\000\040\000O\000p\000t\000o\000m\000e\000c\000h\000a\000n\000i\000c\000a\000l\000\040\000C\000a\000v\000i\000t\000i\000e\000s}{section.2.1}% 26
\BOOKMARK [2][-]{subsection.2.1.4}{\376\377\000F\000i\000l\000t\000e\000r\000\040\000C\000a\000v\000i\000t\000i\000e\000s\000\040\000f\000o\000r\000\040\000F\000r\000e\000q\000u\000e\000n\000c\000y\000\040\000D\000e\000p\000e\000n\000d\000e\000n\000t\000\040\000S\000q\000u\000e\000e\000z\000i\000n\000g}{section.2.1}% 27
\BOOKMARK [1][-]{section.2.2}{\376\377\000C\000a\000v\000i\000t\000y\000\040\000O\000p\000t\000o\000m\000e\000c\000h\000a\000n\000i\000c\000s\000\040\000w\000i\000t\000h\000\040\000M\000e\000m\000b\000r\000a\000n\000e\000\040\000b\000a\000s\000e\000d\000\040\000s\000y\000s\000t\000e\000m\000s\000\040}{chapter.2}% 28
\BOOKMARK [2][-]{subsection.2.2.1}{\376\377\000C\000l\000a\000s\000s\000i\000c\000a\000l\000\040\000D\000e\000s\000c\000r\000i\000p\000t\000i\000o\000n}{section.2.2}% 29
\BOOKMARK [2][-]{subsection.2.2.2}{\376\377\000Q\000u\000a\000n\000t\000u\000m\000\040\000D\000e\000s\000c\000r\000i\000p\000t\000i\000o\000n}{section.2.2}% 30
\BOOKMARK [0][-]{chapter.3}{\376\377\000E\000x\000p\000e\000r\000i\000m\000e\000n\000t\000a\000l\000\040\000M\000e\000t\000h\000o\000d\000s}{}% 31
\BOOKMARK [1][-]{section.3.1}{\376\377\000F\000e\000e\000d\000b\000a\000c\000k\000\040\000c\000o\000n\000t\000r\000o\000l}{chapter.3}% 32
\BOOKMARK [2][-]{subsection.3.1.1}{\376\377\000O\000v\000e\000r\000v\000i\000e\000w}{section.3.1}% 33
\BOOKMARK [2][-]{subsection.3.1.2}{\376\377\000P\000r\000o\000p\000o\000r\000t\000i\000o\000n\000-\000I\000n\000t\000e\000g\000r\000a\000l\000\040\000\050\000P\000I\000\051\000\040\000C\000o\000n\000t\000r\000o\000l\000l\000e\000r\000s}{section.3.1}% 34
\BOOKMARK [2][-]{subsection.3.1.3}{\376\377\000P\000y\000R\000P\000L\000\040\000o\000v\000e\000r\000v\000i\000e\000w}{section.3.1}% 35
\BOOKMARK [2][-]{subsection.3.1.4}{\376\377\000I\000Q\000\040\000m\000o\000d\000u\000l\000e\000s}{section.3.1}% 36
\BOOKMARK [1][-]{section.3.2}{\376\377\000L\000o\000c\000k\000i\000n\000g\000\040\000t\000e\000c\000h\000n\000i\000q\000u\000e\000s}{chapter.3}% 37
\BOOKMARK [2][-]{subsection.3.2.1}{\376\377\000T\000e\000m\000p\000e\000r\000a\000t\000u\000r\000e\000\040\000L\000o\000c\000k}{section.3.2}% 38
\BOOKMARK [2][-]{subsection.3.2.2}{\376\377\000O\000p\000t\000i\000c\000a\000l\000\040\000p\000h\000a\000s\000e\000\040\000L\000o\000c\000k}{section.3.2}% 39
\BOOKMARK [2][-]{subsection.3.2.3}{\376\377\000C\000a\000v\000i\000t\000y\000\040\000L\000o\000c\000k\000s}{section.3.2}% 40
\BOOKMARK [2][-]{subsection.3.2.4}{\376\377\000O\000f\000f\000s\000e\000t\000\040\000F\000r\000e\000q\000u\000e\000n\000c\000y\000\040\000L\000o\000c\000k\000s\000\040\000a\000n\000d\000\040\000P\000h\000a\000s\000e\000\040\000L\000o\000c\000k\000\040\000L\000o\000o\000p}{section.3.2}% 41
\BOOKMARK [0][-]{chapter.4}{\376\377\000E\000x\000p\000e\000r\000i\000m\000e\000n\000t\000s\000:\000\040\000O\000p\000t\000o\000m\000e\000c\000h\000a\000n\000i\000c\000s}{}% 42
\BOOKMARK [1][-]{section.4.1}{\376\377\000S\000y\000s\000t\000e\000m\000\040\000D\000e\000s\000c\000r\000i\000p\000t\000i\000o\000n\000\040\000a\000n\000d\000\040\000S\000e\000t\000u\000p}{chapter.4}% 43
\BOOKMARK [2][-]{subsection.4.1.1}{\376\377\000P\000r\000e\000v\000i\000o\000u\000s\000\040\000L\000K\000B\000\040\000w\000o\000r\000k\000\040\000a\000n\000d\000\040\000M\000o\000t\000i\000v\000a\000t\000i\000o\000n}{section.4.1}% 44
\BOOKMARK [2][-]{subsection.4.1.2}{\376\377\000S\000p\000e\000c\000i\000f\000i\000c\000a\000t\000i\000o\000n\000s\000\040\000a\000n\000d\000\040\000D\000e\000s\000i\000g\000n}{section.4.1}% 45
\BOOKMARK [2][-]{subsection.4.1.3}{\376\377\000F\000l\000e\000x\000u\000r\000e\000\040\000A\000c\000t\000u\000a\000t\000i\000o\000n}{section.4.1}% 46
\BOOKMARK [2][-]{subsection.4.1.4}{\376\377\000E\000x\000p\000e\000r\000i\000m\000e\000n\000t\000a\000l\000\040\000S\000e\000t\000u\000p}{section.4.1}% 47
\BOOKMARK [2][-]{subsection.4.1.5}{\376\377\000A\000l\000i\000g\000n\000m\000e\000n\000t\000\040\000P\000r\000o\000c\000e\000d\000u\000r\000e\000s}{section.4.1}% 48
\BOOKMARK [1][-]{section.4.2}{\376\377\000E\000x\000p\000e\000r\000i\000m\000e\000n\000t\000a\000l\000\040\000C\000h\000a\000r\000a\000c\000t\000e\000r\000i\000z\000a\000t\000i\000o\000n}{chapter.4}% 49
\BOOKMARK [2][-]{subsection.4.2.1}{\376\377\000C\000a\000v\000i\000t\000y\000\040\000S\000c\000a\000n\000s}{section.4.2}% 50
\BOOKMARK [2][-]{subsection.4.2.2}{\376\377\000L\000o\000c\000k\000i\000n\000g\000\040\000T\000e\000c\000h\000n\000i\000q\000u\000e\000s\000\040\000a\000n\000d\000\040\000S\000t\000a\000b\000i\000l\000i\000t\000y}{section.4.2}% 51
\BOOKMARK [2][-]{subsection.4.2.3}{\376\377\000O\000p\000t\000i\000c\000a\000l\000\040\000R\000i\000n\000g\000d\000o\000w\000n\000s\000\040\000a\000n\000d\000\040\000L\000o\000s\000s\000\040\000M\000e\000a\000s\000u\000r\000e\000m\000e\000n\000t\000s}{section.4.2}% 52
\BOOKMARK [2][-]{subsection.4.2.4}{\376\377\000M\000e\000c\000h\000a\000n\000i\000c\000a\000l\000\040\000R\000e\000s\000o\000n\000a\000t\000o\000r\000\040\000C\000h\000a\000r\000a\000c\000t\000e\000r\000i\000z\000a\000t\000i\000o\000n}{section.4.2}% 53
\BOOKMARK [2][-]{subsection.4.2.5}{\376\377\000B\000i\000s\000t\000a\000b\000i\000l\000i\000t\000y}{section.4.2}% 54
\BOOKMARK [1][-]{section.4.3}{\376\377\000D\000e\000s\000i\000g\000n\000\040\000o\000f\000\040\000a\000n\000\040\000O\000p\000t\000o\000m\000e\000c\000h\000a\000n\000i\000c\000a\000l\000\040\000F\000i\000b\000e\000r\000e\000d\000\040\000C\000a\000v\000i\000t\000y}{chapter.4}% 55
\BOOKMARK [2][-]{subsection.4.3.1}{\376\377\000D\000e\000s\000i\000g\000n\000\040\000c\000o\000n\000s\000i\000d\000e\000r\000a\000t\000i\000o\000n\000s}{section.4.3}% 56
\BOOKMARK [0][-]{chapter.5}{\376\377\000E\000x\000p\000e\000r\000i\000m\000e\000n\000t\000s\000:\000\040\000S\000q\000u\000e\000e\000z\000e\000d\000\040\000L\000i\000g\000h\000t}{}% 57
\BOOKMARK [1][-]{section.5.1}{\376\377\000O\000p\000t\000i\000c\000a\000l\000\040\000S\000e\000t\000u\000p\000\040\000O\000v\000e\000r\000v\000i\000e\000w}{chapter.5}% 58
\BOOKMARK [1][-]{section.5.2}{\376\377\000C\000a\000v\000i\000t\000y\000\040\000R\000e\000s\000o\000n\000a\000n\000c\000e\000s\000\040\000a\000n\000d\000\040\000L\000o\000c\000k\000s}{chapter.5}% 59
\BOOKMARK [2][-]{subsection.5.2.1}{\376\377\000I\000R\000M\000C\000\040\000C\000a\000v\000i\000t\000y}{section.5.2}% 60
\BOOKMARK [2][-]{subsection.5.2.2}{\376\377\000S\000H\000G\000\040\000C\000a\000v\000i\000t\000y}{section.5.2}% 61
\BOOKMARK [2][-]{subsection.5.2.3}{\376\377\000O\000P\000O\000\040\000C\000a\000v\000i\000t\000y}{section.5.2}% 62
\BOOKMARK [1][-]{section.5.3}{\376\377\000S\000p\000e\000c\000t\000r\000a\000l\000\040\000a\000n\000a\000l\000y\000s\000i\000s}{chapter.5}% 63
\BOOKMARK [2][-]{subsection.5.3.1}{\376\377\000D\000e\000t\000e\000c\000t\000i\000o\000n\000\040\000o\000f\000\040\000S\000q\000u\000e\000e\000z\000i\000n\000g\000\040\000a\000n\000d\000\040\000A\000n\000t\000i\000-\000s\000q\000u\000e\000e\000z\000i\000n\000g}{section.5.3}% 64
\BOOKMARK [2][-]{subsection.5.3.2}{\376\377\000S\000p\000e\000c\000t\000r\000a\000l\000\040\000V\000a\000r\000i\000a\000t\000i\000o\000n\000\040\000w\000i\000t\000h\000\040\000F\000r\000e\000q\000u\000e\000n\000c\000y}{section.5.3}% 65
\BOOKMARK [2][-]{subsection.5.3.3}{\376\377\000O\000p\000t\000i\000m\000a\000l\000\040\000Q\000u\000a\000d\000r\000a\000t\000u\000r\000e\000\040\000C\000o\000n\000d\000i\000t\000i\000o\000n\000s}{section.5.3}% 66
\BOOKMARK [1][-]{section.5.4}{\376\377\000F\000i\000l\000t\000e\000r\000\040\000C\000a\000v\000i\000t\000y\000\040\000C\000o\000n\000c\000e\000p\000t}{chapter.5}% 67
\BOOKMARK [2][-]{subsection.5.4.1}{\376\377\000V\000i\000r\000g\000o\000\040\000F\000i\000l\000t\000e\000r\000\040\000C\000a\000v\000i\000t\000y\000\040}{section.5.4}% 68
\BOOKMARK [2][-]{subsection.5.4.2}{\376\377\000T\000h\000e\000r\000m\000a\000l\000\040\000e\000f\000f\000e\000c\000t\000s\000\040\000i\000n\000\040\000b\000i\000c\000h\000r\000o\000m\000a\000t\000i\000c\000\040\000l\000o\000c\000k\000s}{section.5.4}% 69
\BOOKMARK [0][-]{chapter*.112}{\376\377\000C\000o\000n\000c\000l\000u\000s\000i\000o\000n}{}% 70
\BOOKMARK [1][-]{section*.113}{\376\377\000S\000u\000m\000m\000a\000r\000y\000\040\000o\000f\000\040\000W\000o\000r\000k}{chapter*.112}% 71
\BOOKMARK [1][-]{section*.114}{\376\377\000O\000u\000t\000l\000o\000o\000k\000s}{chapter*.112}% 72
\BOOKMARK [1][-]{section*.115}{\376\377\000F\000i\000n\000a\000l\000\040\000R\000e\000m\000a\000r\000k\000s}{chapter*.112}% 73
\BOOKMARK [0][-]{chapter*.116}{\376\377\000A\000p\000p\000e\000n\000d\000i\000x\000\040\000A\000:\000\040\000T\000w\000o\000-\000p\000h\000o\000t\000o\000n\000\040\000d\000e\000r\000i\000v\000a\000t\000i\000o\000n\000s}{}% 74
\BOOKMARK [1][-]{section*.117}{\376\377\000F\000i\000e\000l\000d\000\040\000Q\000u\000a\000n\000t\000i\000z\000a\000t\000i\000o\000n}{chapter*.116}% 75
\BOOKMARK [1][-]{section*.120}{\376\377\000T\000w\000o\000\040\000p\000h\000o\000t\000o\000n\000\040\000f\000o\000r\000m\000a\000l\000i\000s\000m}{chapter*.116}% 76
\BOOKMARK [1][-]{section*.124}{\376\377\000D\000e\000r\000i\000v\000a\000t\000i\000o\000n\000\040\000o\000f\000\040\000t\000h\000e\000\040\000o\000p\000t\000i\000m\000a\000l\000\040\000a\000n\000g\000l\000e}{chapter*.116}% 77
\BOOKMARK [0][-]{chapter*.129}{\376\377\000A\000p\000p\000e\000n\000d\000i\000x\000\040\000B\000:\000\040\000E\000r\000r\000o\000r\000\040\000S\000i\000g\000n\000a\000l\000s}{}% 78
\BOOKMARK [1][-]{section*.130}{\376\377\000D\000i\000r\000e\000c\000t\000\040\000d\000e\000t\000e\000c\000t\000i\000o\000n\000\040\000e\000r\000r\000o\000r\000\040\000s\000i\000g\000n\000a\000l\000s}{chapter*.129}% 79
\BOOKMARK [1][-]{section*.134}{\376\377\000P\000D\000H\000\040\000e\000r\000r\000o\000r\000\040\000s\000i\000g\000n\000a\000l}{chapter*.129}% 80
\BOOKMARK [0][-]{chapter*.143}{\376\377\000B\000i\000b\000l\000i\000o\000g\000r\000a\000p\000h\000y}{}% 81
