This is pdfTeX, Version 3.141592653-2.6-1.40.27 (TeX Live 2025) (preloaded format=pdflatex 2025.5.16)  6 DEC 2025 18:07
entering extended mode
 restricted \write18 enabled.
 file:line:error style messages enabled.
 %&-line parsing enabled.
**c:/Users/jacqu/OneDrive/Desktop/manuscript/Jacquet_Manuscript/these/mythesis.tex
(c:/Users/jacqu/OneDrive/Desktop/manuscript/Jacquet_Manuscript/these/mythesis.tex
LaTeX2e <2024-11-01> patch level 2
L3 programming layer <2025-04-29>
(c:/texlive/2025/texmf-dist/tex/latex/base/book.cls
Document Class: book 2024/06/29 v1.4n Standard LaTeX document class
(c:/texlive/2025/texmf-dist/tex/latex/base/bk11.clo
File: bk11.clo 2024/06/29 v1.4n Standard LaTeX file (size option)
)
\c@part=\count272
\c@chapter=\count273
\c@section=\count274
\c@subsection=\count275
\c@subsubsection=\count276
\c@paragraph=\count277
\c@subparagraph=\count278
\c@figure=\count279
\c@table=\count280
\abovecaptionskip=\skip49
\belowcaptionskip=\skip50
\bibindent=\dimen146
) (c:/texlive/2025/texmf-dist/tex/latex/base/fontenc.sty
Package: fontenc 2021/04/29 v2.0v Standard LaTeX package
) (c:/texlive/2025/texmf-dist/tex/latex/base/inputenc.sty
Package: inputenc 2024/02/08 v1.3d Input encoding file
\inpenc@prehook=\toks17
\inpenc@posthook=\toks18
) (c:/texlive/2025/texmf-dist/tex/latex/lm/lmodern.sty
Package: lmodern 2015/05/01 v1.6.1 Latin Modern Fonts
LaTeX Font Info:    Overwriting symbol font `operators' in version `normal'
(Font)                  OT1/cmr/m/n --> OT1/lmr/m/n on input line 22.
LaTeX Font Info:    Overwriting symbol font `letters' in version `normal'
(Font)                  OML/cmm/m/it --> OML/lmm/m/it on input line 23.
LaTeX Font Info:    Overwriting symbol font `symbols' in version `normal'
(Font)                  OMS/cmsy/m/n --> OMS/lmsy/m/n on input line 24.
LaTeX Font Info:    Overwriting symbol font `largesymbols' in version `normal'
(Font)                  OMX/cmex/m/n --> OMX/lmex/m/n on input line 25.
LaTeX Font Info:    Overwriting symbol font `operators' in version `bold'
(Font)                  OT1/cmr/bx/n --> OT1/lmr/bx/n on input line 26.
LaTeX Font Info:    Overwriting symbol font `letters' in version `bold'
(Font)                  OML/cmm/b/it --> OML/lmm/b/it on input line 27.
LaTeX Font Info:    Overwriting symbol font `symbols' in version `bold'
(Font)                  OMS/cmsy/b/n --> OMS/lmsy/b/n on input line 28.
LaTeX Font Info:    Overwriting symbol font `largesymbols' in version `bold'
(Font)                  OMX/cmex/m/n --> OMX/lmex/m/n on input line 29.
LaTeX Font Info:    Overwriting math alphabet `\mathbf' in version `normal'
(Font)                  OT1/cmr/bx/n --> OT1/lmr/bx/n on input line 31.
LaTeX Font Info:    Overwriting math alphabet `\mathsf' in version `normal'
(Font)                  OT1/cmss/m/n --> OT1/lmss/m/n on input line 32.
LaTeX Font Info:    Overwriting math alphabet `\mathit' in version `normal'
(Font)                  OT1/cmr/m/it --> OT1/lmr/m/it on input line 33.
LaTeX Font Info:    Overwriting math alphabet `\mathtt' in version `normal'
(Font)                  OT1/cmtt/m/n --> OT1/lmtt/m/n on input line 34.
LaTeX Font Info:    Overwriting math alphabet `\mathbf' in version `bold'
(Font)                  OT1/cmr/bx/n --> OT1/lmr/bx/n on input line 35.
LaTeX Font Info:    Overwriting math alphabet `\mathsf' in version `bold'
(Font)                  OT1/cmss/bx/n --> OT1/lmss/bx/n on input line 36.
LaTeX Font Info:    Overwriting math alphabet `\mathit' in version `bold'
(Font)                  OT1/cmr/bx/it --> OT1/lmr/bx/it on input line 37.
LaTeX Font Info:    Overwriting math alphabet `\mathtt' in version `bold'
(Font)                  OT1/cmtt/m/n --> OT1/lmtt/m/n on input line 38.
) (c:/texlive/2025/texmf-dist/tex/latex/tools/xspace.sty
Package: xspace 2014/10/28 v1.13 Space after command names (DPC,MH)
) (c:/texlive/2025/texmf-dist/tex/generic/babel/babel.sty
Package: babel 2025/05/14 v25.9 The multilingual framework for pdfLaTeX, LuaLaTeX and XeLaTeX
\babel@savecnt=\count281
\U@D=\dimen147
\l@unhyphenated=\language90
 (c:/texlive/2025/texmf-dist/tex/generic/babel/txtbabel.def)
\bbl@readstream=\read2
\bbl@dirlevel=\count282
 (c:/texlive/2025/texmf-dist/tex/generic/babel-english/english.ldf
Language: english 2017/06/06 v3.3r English support from the babel system
 (c:/texlive/2025/texmf-dist/tex/generic/babel/locale/en/babel-english.tex
Package babel Info: Importing font and identification data for english
(babel)             from babel-en.ini. Reported on input line 11.
)
Package babel Info: Hyphen rules for 'canadian' set to \l@english
(babel)             (\language0). Reported on input line 102.
Package babel Info: Hyphen rules for 'australian' set to \l@ukenglish
(babel)             (\language22). Reported on input line 105.
Package babel Info: Hyphen rules for 'newzealand' set to \l@ukenglish
(babel)             (\language22). Reported on input line 108.
)) (c:/texlive/2025/texmf-dist/tex/latex/geometry/geometry.sty
Package: geometry 2020/01/02 v5.9 Page Geometry
 (c:/texlive/2025/texmf-dist/tex/latex/graphics/keyval.sty
Package: keyval 2022/05/29 v1.15 key=value parser (DPC)
\KV@toks@=\toks19
) (c:/texlive/2025/texmf-dist/tex/generic/iftex/ifvtex.sty
Package: ifvtex 2019/10/25 v1.7 ifvtex legacy package. Use iftex instead.
 (c:/texlive/2025/texmf-dist/tex/generic/iftex/iftex.sty
Package: iftex 2024/12/12 v1.0g TeX engine tests
))
\Gm@cnth=\count283
\Gm@cntv=\count284
\c@Gm@tempcnt=\count285
\Gm@bindingoffset=\dimen148
\Gm@wd@mp=\dimen149
\Gm@odd@mp=\dimen150
\Gm@even@mp=\dimen151
\Gm@layoutwidth=\dimen152
\Gm@layoutheight=\dimen153
\Gm@layouthoffset=\dimen154
\Gm@layoutvoffset=\dimen155
\Gm@dimlist=\toks20
) (./thcover.sty
Package: thcover 2017/11/21 v5.0 Build coverpage 1 and 4 for french thesis (J.Hare)
 (c:/texlive/2025/texmf-dist/tex/generic/iftex/ifpdf.sty
Package: ifpdf 2019/10/25 v3.4 ifpdf legacy package. Use iftex instead.
) (c:/texlive/2025/texmf-dist/tex/latex/graphics/graphicx.sty
Package: graphicx 2021/09/16 v1.2d Enhanced LaTeX Graphics (DPC,SPQR)
 (c:/texlive/2025/texmf-dist/tex/latex/graphics/graphics.sty
Package: graphics 2024/08/06 v1.4g Standard LaTeX Graphics (DPC,SPQR)
 (c:/texlive/2025/texmf-dist/tex/latex/graphics/trig.sty
Package: trig 2023/12/02 v1.11 sin cos tan (DPC)
) (c:/texlive/2025/texmf-dist/tex/latex/graphics-cfg/graphics.cfg
File: graphics.cfg 2016/06/04 v1.11 sample graphics configuration
)
Package graphics Info: Driver file: pdftex.def on input line 106.
 (c:/texlive/2025/texmf-dist/tex/latex/graphics-def/pdftex.def
File: pdftex.def 2024/04/13 v1.2c Graphics/color driver for pdftex
))
\Gin@req@height=\dimen156
\Gin@req@width=\dimen157
) (c:/texlive/2025/texmf-dist/tex/latex/datetime/datetime.sty
Package: datetime 2015/03/20 v2.60 Date Time Package
 (c:/texlive/2025/texmf-dist/tex/latex/etoolbox/etoolbox.sty
Package: etoolbox 2025/02/11 v2.5l e-TeX tools for LaTeX (JAW)
\etb@tempcnta=\count286
) (c:/texlive/2025/texmf-dist/tex/latex/fmtcount/fmtcount.sty
Package: fmtcount 2025/02/09 v3.10 Displaying the values of LaTeX counters (NT,VB,NE)
 (c:/texlive/2025/texmf-dist/tex/latex/base/ifthen.sty
Package: ifthen 2024/03/16 v1.1e Standard LaTeX ifthen package (DPC)
) (c:/texlive/2025/texmf-dist/tex/latex/xkeyval/xkeyval.sty
Package: xkeyval 2022/06/16 v2.9 package option processing (HA)
 (c:/texlive/2025/texmf-dist/tex/generic/xkeyval/xkeyval.tex (c:/texlive/2025/texmf-dist/tex/generic/xkeyval/xkvutils.tex
\XKV@toks=\toks21
\XKV@tempa@toks=\toks22
)
\XKV@depth=\count287
File: xkeyval.tex 2014/12/03 v2.7a key=value parser (HA)
)) (c:/texlive/2025/texmf-dist/tex/latex/fmtcount/fcprefix.sty
Package: fcprefix 2012/09/28
 (c:/texlive/2025/texmf-dist/tex/latex/fmtcount/fcnumparser.sty
Package: fcnumparser 2017/06/15
\fc@digit@counter=\count288
)) (c:/texlive/2025/texmf-dist/tex/latex/amsmath/amsgen.sty
File: amsgen.sty 1999/11/30 v2.0 generic functions
\@emptytoks=\toks23
\ex@=\dimen158
)
\c@padzeroesN=\count289
\fc@tmpcatcode=\count290
 (c:/texlive/2025/texmf-dist/tex/latex/fmtcount/fc-english.def
File: fc-english.def 2016/01/12
)
\@DT@modctr=\count291
\@ordinalctr=\count292
\@orgargctr=\count293
\@strctr=\count294
\@tmpstrctr=\count295
\@DT@loopN=\count296
\@DT@X=\count297
) (c:/texlive/2025/texmf-dist/tex/latex/datetime/datetime-defaults.sty
Package: datetime-defaults 2013/09/10
)
\@day=\count298
\@month=\count299
\@year=\count300
\c@HOUR=\count301
\c@HOURXII=\count302
\c@MINUTE=\count303
\c@TOHOUR=\count304
\c@TOMINUTE=\count305
\c@SECOND=\count306
\currenthour=\count307
\currentminute=\count308
\currentsecond=\count309
Package datetime Info: No datetime.cfg file found, using default settings on input line 308.
\@dtctr=\count310
\dayofyear=\count311
\dayofweek=\count312
LaTeX Info: Redefining \today on input line 736.
\dt@a=\toks24
\dt@b=\toks25
) (c:/texlive/2025/texmf-dist/tex/latex/tools/calc.sty
Package: calc 2023/07/08 v4.3 Infix arithmetic (KKT,FJ)
\calc@Acount=\count313
\calc@Bcount=\count314
\calc@Adimen=\dimen159
\calc@Bdimen=\dimen160
\calc@Askip=\skip51
\calc@Bskip=\skip52
LaTeX Info: Redefining \setlength on input line 80.
LaTeX Info: Redefining \addtolength on input line 81.
\calc@Ccount=\count315
\calc@Cskip=\skip53
) (c:/texlive/2025/texmf-dist/tex/latex/adjustbox/adjustbox.sty
Package: adjustbox 2025/02/26 v1.3c Adjusting TeX boxes (trim, clip, ...)
 (c:/texlive/2025/texmf-dist/tex/latex/adjustbox/adjcalc.sty
Package: adjcalc 2012/05/16 v1.1 Provides advanced setlength with multiple back-ends (calc, etex, pgfmath)
) (c:/texlive/2025/texmf-dist/tex/latex/adjustbox/trimclip.sty
Package: trimclip 2025/02/21 v1.2a Trim and clip general TeX material
 (c:/texlive/2025/texmf-dist/tex/latex/collectbox/collectbox.sty
Package: collectbox 2022/10/17 v0.4c Collect macro arguments as boxes
\collectedbox=\box53
)
\tc@llx=\dimen161
\tc@lly=\dimen162
\tc@urx=\dimen163
\tc@ury=\dimen164
Package trimclip Info: Using driver 'tc-pdftex.def'.
 (c:/texlive/2025/texmf-dist/tex/latex/adjustbox/tc-pdftex.def
File: tc-pdftex.def 2025/02/26 v2.3 Clipping driver for pdftex
))
\adjbox@Width=\dimen165
\adjbox@Height=\dimen166
\adjbox@Depth=\dimen167
\adjbox@Totalheight=\dimen168
\adjbox@pwidth=\dimen169
\adjbox@pheight=\dimen170
\adjbox@pdepth=\dimen171
\adjbox@ptotalheight=\dimen172
 (c:/texlive/2025/texmf-dist/tex/latex/ifoddpage/ifoddpage.sty
Package: ifoddpage 2022/10/18 v1.2 Conditionals for odd/even page detection
\c@checkoddpage=\count316
) (c:/texlive/2025/texmf-dist/tex/latex/varwidth/varwidth.sty
Package: varwidth 2009/03/30 ver 0.92;  Variable-width minipages
\@vwid@box=\box54
\sift@deathcycles=\count317
\@vwid@loff=\dimen173
\@vwid@roff=\dimen174
)) (c:/texlive/2025/texmf-dist/tex/generic/xstring/xstring.sty (c:/texlive/2025/texmf-dist/tex/generic/xstring/xstring.tex
\xs_counta=\count318
\xs_countb=\count319
)
Package: xstring 2023/08/22 v1.86 String manipulations (CT)
)
\th@skip=\skip54
\th@bskip=\skip55

using thcoverdata.tex
thcoverdata.texexists
(./thcoverdata.tex)) (c:/texlive/2025/texmf-dist/tex/latex/physics/physics.sty
Package: physics 
 (c:/texlive/2025/texmf-dist/tex/latex/l3packages/xparse/xparse.sty (c:/texlive/2025/texmf-dist/tex/latex/l3kernel/expl3.sty
Package: expl3 2025-04-29 L3 programming layer (loader) 
 (c:/texlive/2025/texmf-dist/tex/latex/l3backend/l3backend-pdftex.def
File: l3backend-pdftex.def 2025-04-14 L3 backend support: PDF output (pdfTeX)
\l__color_backend_stack_int=\count320
))
Package: xparse 2024-08-16 L3 Experimental document command parser
) (c:/texlive/2025/texmf-dist/tex/latex/amsmath/amsmath.sty
Package: amsmath 2024/11/05 v2.17t AMS math features
\@mathmargin=\skip56

For additional information on amsmath, use the `?' option.
(c:/texlive/2025/texmf-dist/tex/latex/amsmath/amstext.sty
Package: amstext 2021/08/26 v2.01 AMS text
) (c:/texlive/2025/texmf-dist/tex/latex/amsmath/amsbsy.sty
Package: amsbsy 1999/11/29 v1.2d Bold Symbols
\pmbraise@=\dimen175
) (c:/texlive/2025/texmf-dist/tex/latex/amsmath/amsopn.sty
Package: amsopn 2022/04/08 v2.04 operator names
)
\inf@bad=\count321
LaTeX Info: Redefining \frac on input line 233.
\uproot@=\count322
\leftroot@=\count323
LaTeX Info: Redefining \overline on input line 398.
LaTeX Info: Redefining \colon on input line 409.
\classnum@=\count324
\DOTSCASE@=\count325
LaTeX Info: Redefining \ldots on input line 495.
LaTeX Info: Redefining \dots on input line 498.
LaTeX Info: Redefining \cdots on input line 619.
\Mathstrutbox@=\box55
\strutbox@=\box56
LaTeX Info: Redefining \big on input line 721.
LaTeX Info: Redefining \Big on input line 722.
LaTeX Info: Redefining \bigg on input line 723.
LaTeX Info: Redefining \Bigg on input line 724.
\big@size=\dimen176
LaTeX Font Info:    Redeclaring font encoding OML on input line 742.
LaTeX Font Info:    Redeclaring font encoding OMS on input line 743.
\macc@depth=\count326
LaTeX Info: Redefining \bmod on input line 904.
LaTeX Info: Redefining \pmod on input line 909.
LaTeX Info: Redefining \smash on input line 939.
LaTeX Info: Redefining \relbar on input line 969.
LaTeX Info: Redefining \Relbar on input line 970.
\c@MaxMatrixCols=\count327
\dotsspace@=\muskip17
\c@parentequation=\count328
\dspbrk@lvl=\count329
\tag@help=\toks26
\row@=\count330
\column@=\count331
\maxfields@=\count332
\andhelp@=\toks27
\eqnshift@=\dimen177
\alignsep@=\dimen178
\tagshift@=\dimen179
\tagwidth@=\dimen180
\totwidth@=\dimen181
\lineht@=\dimen182
\@envbody=\toks28
\multlinegap=\skip57
\multlinetaggap=\skip58
\mathdisplay@stack=\toks29
LaTeX Info: Redefining \[ on input line 2953.
LaTeX Info: Redefining \] on input line 2954.
)) (c:/texlive/2025/texmf-dist/tex/latex/setspace/setspace.sty
Package: setspace 2022/12/04 v6.7b set line spacing
) (c:/texlive/2025/texmf-dist/tex/latex/amsfonts/amssymb.sty
Package: amssymb 2013/01/14 v3.01 AMS font symbols
 (c:/texlive/2025/texmf-dist/tex/latex/amsfonts/amsfonts.sty
Package: amsfonts 2013/01/14 v3.01 Basic AMSFonts support
\symAMSa=\mathgroup4
\symAMSb=\mathgroup5
LaTeX Font Info:    Redeclaring math symbol \hbar on input line 98.
LaTeX Font Info:    Overwriting math alphabet `\mathfrak' in version `bold'
(Font)                  U/euf/m/n --> U/euf/b/n on input line 106.
)) (c:/texlive/2025/texmf-dist/tex/latex/float/float.sty
Package: float 2001/11/08 v1.3d Float enhancements (AL)
\c@float@type=\count333
\float@exts=\toks30
\float@box=\box57
\@float@everytoks=\toks31
\@floatcapt=\box58
) (c:/texlive/2025/texmf-dist/tex/latex/caption/caption.sty
Package: caption 2023/08/05 v3.6o Customizing captions (AR)
 (c:/texlive/2025/texmf-dist/tex/latex/caption/caption3.sty
Package: caption3 2023/07/31 v2.4d caption3 kernel (AR)
\caption@tempdima=\dimen183
\captionmargin=\dimen184
\caption@leftmargin=\dimen185
\caption@rightmargin=\dimen186
\caption@width=\dimen187
\caption@indent=\dimen188
\caption@parindent=\dimen189
\caption@hangindent=\dimen190
Package caption Info: Standard document class detected.
)
\c@caption@flags=\count334
\c@continuedfloat=\count335
Package caption Info: float package is loaded.
) (c:/texlive/2025/texmf-dist/tex/latex/mathtools/mathtools.sty
Package: mathtools 2024/10/04 v1.31 mathematical typesetting tools
 (c:/texlive/2025/texmf-dist/tex/latex/mathtools/mhsetup.sty
Package: mhsetup 2021/03/18 v1.4 programming setup (MH)
)
\g_MT_multlinerow_int=\count336
\l_MT_multwidth_dim=\dimen191
\origjot=\skip59
\l_MT_shortvdotswithinadjustabove_dim=\dimen192
\l_MT_shortvdotswithinadjustbelow_dim=\dimen193
\l_MT_above_intertext_sep=\dimen194
\l_MT_below_intertext_sep=\dimen195
\l_MT_above_shortintertext_sep=\dimen196
\l_MT_below_shortintertext_sep=\dimen197
\xmathstrut@box=\box59
\xmathstrut@dim=\dimen198
) (c:/texlive/2025/texmf-dist/tex/latex/pgf/frontendlayer/tikz.sty (c:/texlive/2025/texmf-dist/tex/latex/pgf/basiclayer/pgf.sty (c:/texlive/2025/texmf-dist/tex/latex/pgf/utilities/pgfrcs.sty (c:/texlive/2025/texmf-dist/tex/generic/pgf/utilities/pgfutil-common.tex
\pgfutil@everybye=\toks32
\pgfutil@tempdima=\dimen199
\pgfutil@tempdimb=\dimen256
) (c:/texlive/2025/texmf-dist/tex/generic/pgf/utilities/pgfutil-latex.def
\pgfutil@abb=\box60
) (c:/texlive/2025/texmf-dist/tex/generic/pgf/utilities/pgfrcs.code.tex (c:/texlive/2025/texmf-dist/tex/generic/pgf/pgf.revision.tex)
Package: pgfrcs 2023-01-15 v3.1.10 (3.1.10)
))
Package: pgf 2023-01-15 v3.1.10 (3.1.10)
 (c:/texlive/2025/texmf-dist/tex/latex/pgf/basiclayer/pgfcore.sty (c:/texlive/2025/texmf-dist/tex/latex/pgf/systemlayer/pgfsys.sty (c:/texlive/2025/texmf-dist/tex/generic/pgf/systemlayer/pgfsys.code.tex
Package: pgfsys 2023-01-15 v3.1.10 (3.1.10)
 (c:/texlive/2025/texmf-dist/tex/generic/pgf/utilities/pgfkeys.code.tex
\pgfkeys@pathtoks=\toks33
\pgfkeys@temptoks=\toks34
 (c:/texlive/2025/texmf-dist/tex/generic/pgf/utilities/pgfkeyslibraryfiltered.code.tex
\pgfkeys@tmptoks=\toks35
))
\pgf@x=\dimen257
\pgf@y=\dimen258
\pgf@xa=\dimen259
\pgf@ya=\dimen260
\pgf@xb=\dimen261
\pgf@yb=\dimen262
\pgf@xc=\dimen263
\pgf@yc=\dimen264
\pgf@xd=\dimen265
\pgf@yd=\dimen266
\w@pgf@writea=\write3
\r@pgf@reada=\read3
\c@pgf@counta=\count337
\c@pgf@countb=\count338
\c@pgf@countc=\count339
\c@pgf@countd=\count340
\t@pgf@toka=\toks36
\t@pgf@tokb=\toks37
\t@pgf@tokc=\toks38
\pgf@sys@id@count=\count341
 (c:/texlive/2025/texmf-dist/tex/generic/pgf/systemlayer/pgf.cfg
File: pgf.cfg 2023-01-15 v3.1.10 (3.1.10)
)
Driver file for pgf: pgfsys-pdftex.def
 (c:/texlive/2025/texmf-dist/tex/generic/pgf/systemlayer/pgfsys-pdftex.def
File: pgfsys-pdftex.def 2023-01-15 v3.1.10 (3.1.10)
 (c:/texlive/2025/texmf-dist/tex/generic/pgf/systemlayer/pgfsys-common-pdf.def
File: pgfsys-common-pdf.def 2023-01-15 v3.1.10 (3.1.10)
))) (c:/texlive/2025/texmf-dist/tex/generic/pgf/systemlayer/pgfsyssoftpath.code.tex
File: pgfsyssoftpath.code.tex 2023-01-15 v3.1.10 (3.1.10)
\pgfsyssoftpath@smallbuffer@items=\count342
\pgfsyssoftpath@bigbuffer@items=\count343
) (c:/texlive/2025/texmf-dist/tex/generic/pgf/systemlayer/pgfsysprotocol.code.tex
File: pgfsysprotocol.code.tex 2023-01-15 v3.1.10 (3.1.10)
)) (c:/texlive/2025/texmf-dist/tex/latex/xcolor/xcolor.sty
Package: xcolor 2024/09/29 v3.02 LaTeX color extensions (UK)
 (c:/texlive/2025/texmf-dist/tex/latex/graphics-cfg/color.cfg
File: color.cfg 2016/01/02 v1.6 sample color configuration
)
Package xcolor Info: Driver file: pdftex.def on input line 274.
 (c:/texlive/2025/texmf-dist/tex/latex/graphics/mathcolor.ltx)
Package xcolor Info: Model `cmy' substituted by `cmy0' on input line 1349.
Package xcolor Info: Model `hsb' substituted by `rgb' on input line 1353.
Package xcolor Info: Model `RGB' extended on input line 1365.
Package xcolor Info: Model `HTML' substituted by `rgb' on input line 1367.
Package xcolor Info: Model `Hsb' substituted by `hsb' on input line 1368.
Package xcolor Info: Model `tHsb' substituted by `hsb' on input line 1369.
Package xcolor Info: Model `HSB' substituted by `hsb' on input line 1370.
Package xcolor Info: Model `Gray' substituted by `gray' on input line 1371.
Package xcolor Info: Model `wave' substituted by `hsb' on input line 1372.
) (c:/texlive/2025/texmf-dist/tex/generic/pgf/basiclayer/pgfcore.code.tex
Package: pgfcore 2023-01-15 v3.1.10 (3.1.10)
 (c:/texlive/2025/texmf-dist/tex/generic/pgf/math/pgfmath.code.tex (c:/texlive/2025/texmf-dist/tex/generic/pgf/math/pgfmathutil.code.tex) (c:/texlive/2025/texmf-dist/tex/generic/pgf/math/pgfmathparser.code.tex
\pgfmath@dimen=\dimen267
\pgfmath@count=\count344
\pgfmath@box=\box61
\pgfmath@toks=\toks39
\pgfmath@stack@operand=\toks40
\pgfmath@stack@operation=\toks41
) (c:/texlive/2025/texmf-dist/tex/generic/pgf/math/pgfmathfunctions.code.tex) (c:/texlive/2025/texmf-dist/tex/generic/pgf/math/pgfmathfunctions.basic.code.tex) (c:/texlive/2025/texmf-dist/tex/generic/pgf/math/pgfmathfunctions.trigonometric.code.tex) (c:/texlive/2025/texmf-dist/tex/generic/pgf/math/pgfmathfunctions.random.code.tex) (c:/texlive/2025/texmf-dist/tex/generic/pgf/math/pgfmathfunctions.comparison.code.tex) (c:/texlive/2025/texmf-dist/tex/generic/pgf/math/pgfmathfunctions.base.code.tex) (c:/texlive/2025/texmf-dist/tex/generic/pgf/math/pgfmathfunctions.round.code.tex) (c:/texlive/2025/texmf-dist/tex/generic/pgf/math/pgfmathfunctions.misc.code.tex) (c:/texlive/2025/texmf-dist/tex/generic/pgf/math/pgfmathfunctions.integerarithmetics.code.tex) (c:/texlive/2025/texmf-dist/tex/generic/pgf/math/pgfmathcalc.code.tex) (c:/texlive/2025/texmf-dist/tex/generic/pgf/math/pgfmathfloat.code.tex
\c@pgfmathroundto@lastzeros=\count345
)) (c:/texlive/2025/texmf-dist/tex/generic/pgf/math/pgfint.code.tex) (c:/texlive/2025/texmf-dist/tex/generic/pgf/basiclayer/pgfcorepoints.code.tex
File: pgfcorepoints.code.tex 2023-01-15 v3.1.10 (3.1.10)
\pgf@picminx=\dimen268
\pgf@picmaxx=\dimen269
\pgf@picminy=\dimen270
\pgf@picmaxy=\dimen271
\pgf@pathminx=\dimen272
\pgf@pathmaxx=\dimen273
\pgf@pathminy=\dimen274
\pgf@pathmaxy=\dimen275
\pgf@xx=\dimen276
\pgf@xy=\dimen277
\pgf@yx=\dimen278
\pgf@yy=\dimen279
\pgf@zx=\dimen280
\pgf@zy=\dimen281
) (c:/texlive/2025/texmf-dist/tex/generic/pgf/basiclayer/pgfcorepathconstruct.code.tex
File: pgfcorepathconstruct.code.tex 2023-01-15 v3.1.10 (3.1.10)
\pgf@path@lastx=\dimen282
\pgf@path@lasty=\dimen283
) (c:/texlive/2025/texmf-dist/tex/generic/pgf/basiclayer/pgfcorepathusage.code.tex
File: pgfcorepathusage.code.tex 2023-01-15 v3.1.10 (3.1.10)
\pgf@shorten@end@additional=\dimen284
\pgf@shorten@start@additional=\dimen285
) (c:/texlive/2025/texmf-dist/tex/generic/pgf/basiclayer/pgfcorescopes.code.tex
File: pgfcorescopes.code.tex 2023-01-15 v3.1.10 (3.1.10)
\pgfpic=\box62
\pgf@hbox=\box63
\pgf@layerbox@main=\box64
\pgf@picture@serial@count=\count346
) (c:/texlive/2025/texmf-dist/tex/generic/pgf/basiclayer/pgfcoregraphicstate.code.tex
File: pgfcoregraphicstate.code.tex 2023-01-15 v3.1.10 (3.1.10)
\pgflinewidth=\dimen286
) (c:/texlive/2025/texmf-dist/tex/generic/pgf/basiclayer/pgfcoretransformations.code.tex
File: pgfcoretransformations.code.tex 2023-01-15 v3.1.10 (3.1.10)
\pgf@pt@x=\dimen287
\pgf@pt@y=\dimen288
\pgf@pt@temp=\dimen289
) (c:/texlive/2025/texmf-dist/tex/generic/pgf/basiclayer/pgfcorequick.code.tex
File: pgfcorequick.code.tex 2023-01-15 v3.1.10 (3.1.10)
) (c:/texlive/2025/texmf-dist/tex/generic/pgf/basiclayer/pgfcoreobjects.code.tex
File: pgfcoreobjects.code.tex 2023-01-15 v3.1.10 (3.1.10)
) (c:/texlive/2025/texmf-dist/tex/generic/pgf/basiclayer/pgfcorepathprocessing.code.tex
File: pgfcorepathprocessing.code.tex 2023-01-15 v3.1.10 (3.1.10)
) (c:/texlive/2025/texmf-dist/tex/generic/pgf/basiclayer/pgfcorearrows.code.tex
File: pgfcorearrows.code.tex 2023-01-15 v3.1.10 (3.1.10)
\pgfarrowsep=\dimen290
) (c:/texlive/2025/texmf-dist/tex/generic/pgf/basiclayer/pgfcoreshade.code.tex
File: pgfcoreshade.code.tex 2023-01-15 v3.1.10 (3.1.10)
\pgf@max=\dimen291
\pgf@sys@shading@range@num=\count347
\pgf@shadingcount=\count348
) (c:/texlive/2025/texmf-dist/tex/generic/pgf/basiclayer/pgfcoreimage.code.tex
File: pgfcoreimage.code.tex 2023-01-15 v3.1.10 (3.1.10)
) (c:/texlive/2025/texmf-dist/tex/generic/pgf/basiclayer/pgfcoreexternal.code.tex
File: pgfcoreexternal.code.tex 2023-01-15 v3.1.10 (3.1.10)
\pgfexternal@startupbox=\box65
) (c:/texlive/2025/texmf-dist/tex/generic/pgf/basiclayer/pgfcorelayers.code.tex
File: pgfcorelayers.code.tex 2023-01-15 v3.1.10 (3.1.10)
) (c:/texlive/2025/texmf-dist/tex/generic/pgf/basiclayer/pgfcoretransparency.code.tex
File: pgfcoretransparency.code.tex 2023-01-15 v3.1.10 (3.1.10)
) (c:/texlive/2025/texmf-dist/tex/generic/pgf/basiclayer/pgfcorepatterns.code.tex
File: pgfcorepatterns.code.tex 2023-01-15 v3.1.10 (3.1.10)
) (c:/texlive/2025/texmf-dist/tex/generic/pgf/basiclayer/pgfcorerdf.code.tex
File: pgfcorerdf.code.tex 2023-01-15 v3.1.10 (3.1.10)
))) (c:/texlive/2025/texmf-dist/tex/generic/pgf/modules/pgfmoduleshapes.code.tex
File: pgfmoduleshapes.code.tex 2023-01-15 v3.1.10 (3.1.10)
\pgfnodeparttextbox=\box66
) (c:/texlive/2025/texmf-dist/tex/generic/pgf/modules/pgfmoduleplot.code.tex
File: pgfmoduleplot.code.tex 2023-01-15 v3.1.10 (3.1.10)
) (c:/texlive/2025/texmf-dist/tex/latex/pgf/compatibility/pgfcomp-version-0-65.sty
Package: pgfcomp-version-0-65 2023-01-15 v3.1.10 (3.1.10)
\pgf@nodesepstart=\dimen292
\pgf@nodesepend=\dimen293
) (c:/texlive/2025/texmf-dist/tex/latex/pgf/compatibility/pgfcomp-version-1-18.sty
Package: pgfcomp-version-1-18 2023-01-15 v3.1.10 (3.1.10)
)) (c:/texlive/2025/texmf-dist/tex/latex/pgf/utilities/pgffor.sty (c:/texlive/2025/texmf-dist/tex/latex/pgf/utilities/pgfkeys.sty (c:/texlive/2025/texmf-dist/tex/generic/pgf/utilities/pgfkeys.code.tex)) (c:/texlive/2025/texmf-dist/tex/latex/pgf/math/pgfmath.sty (c:/texlive/2025/texmf-dist/tex/generic/pgf/math/pgfmath.code.tex)) (c:/texlive/2025/texmf-dist/tex/generic/pgf/utilities/pgffor.code.tex
Package: pgffor 2023-01-15 v3.1.10 (3.1.10)
\pgffor@iter=\dimen294
\pgffor@skip=\dimen295
\pgffor@stack=\toks42
\pgffor@toks=\toks43
)) (c:/texlive/2025/texmf-dist/tex/generic/pgf/frontendlayer/tikz/tikz.code.tex
Package: tikz 2023-01-15 v3.1.10 (3.1.10)
 (c:/texlive/2025/texmf-dist/tex/generic/pgf/libraries/pgflibraryplothandlers.code.tex
File: pgflibraryplothandlers.code.tex 2023-01-15 v3.1.10 (3.1.10)
\pgf@plot@mark@count=\count349
\pgfplotmarksize=\dimen296
)
\tikz@lastx=\dimen297
\tikz@lasty=\dimen298
\tikz@lastxsaved=\dimen299
\tikz@lastysaved=\dimen300
\tikz@lastmovetox=\dimen301
\tikz@lastmovetoy=\dimen302
\tikzleveldistance=\dimen303
\tikzsiblingdistance=\dimen304
\tikz@figbox=\box67
\tikz@figbox@bg=\box68
\tikz@tempbox=\box69
\tikz@tempbox@bg=\box70
\tikztreelevel=\count350
\tikznumberofchildren=\count351
\tikznumberofcurrentchild=\count352
\tikz@fig@count=\count353
 (c:/texlive/2025/texmf-dist/tex/generic/pgf/modules/pgfmodulematrix.code.tex
File: pgfmodulematrix.code.tex 2023-01-15 v3.1.10 (3.1.10)
\pgfmatrixcurrentrow=\count354
\pgfmatrixcurrentcolumn=\count355
\pgf@matrix@numberofcolumns=\count356
)
\tikz@expandcount=\count357
 (c:/texlive/2025/texmf-dist/tex/generic/pgf/frontendlayer/tikz/libraries/tikzlibrarytopaths.code.tex
File: tikzlibrarytopaths.code.tex 2023-01-15 v3.1.10 (3.1.10)
))) (c:/texlive/2025/texmf-dist/tex/latex/biblatex/biblatex.sty
Package: biblatex 2024/03/21 v3.20 programmable bibliographies (PK/MW)
 (c:/texlive/2025/texmf-dist/tex/generic/pdftexcmds/pdftexcmds.sty
Package: pdftexcmds 2020-06-27 v0.33 Utility functions of pdfTeX for LuaTeX (HO)
 (c:/texlive/2025/texmf-dist/tex/generic/infwarerr/infwarerr.sty
Package: infwarerr 2019/12/03 v1.5 Providing info/warning/error messages (HO)
) (c:/texlive/2025/texmf-dist/tex/generic/ltxcmds/ltxcmds.sty
Package: ltxcmds 2023-12-04 v1.26 LaTeX kernel commands for general use (HO)
)
Package pdftexcmds Info: \pdf@primitive is available.
Package pdftexcmds Info: \pdf@ifprimitive is available.
Package pdftexcmds Info: \pdfdraftmode found.
) (c:/texlive/2025/texmf-dist/tex/latex/kvoptions/kvoptions.sty
Package: kvoptions 2022-06-15 v3.15 Key value format for package options (HO)
 (c:/texlive/2025/texmf-dist/tex/latex/kvsetkeys/kvsetkeys.sty
Package: kvsetkeys 2022-10-05 v1.19 Key value parser (HO)
)) (c:/texlive/2025/texmf-dist/tex/latex/logreq/logreq.sty
Package: logreq 2010/08/04 v1.0 xml request logger
\lrq@indent=\count358
 (c:/texlive/2025/texmf-dist/tex/latex/logreq/logreq.def
File: logreq.def 2010/08/04 v1.0 logreq spec v1.0
)) (c:/texlive/2025/texmf-dist/tex/latex/url/url.sty
\Urlmuskip=\muskip18
Package: url 2013/09/16  ver 3.4  Verb mode for urls, etc.
)
\c@tabx@nest=\count359
\c@listtotal=\count360
\c@listcount=\count361
\c@liststart=\count362
\c@liststop=\count363
\c@citecount=\count364
\c@citetotal=\count365
\c@multicitecount=\count366
\c@multicitetotal=\count367
\c@instcount=\count368
\c@maxnames=\count369
\c@minnames=\count370
\c@maxitems=\count371
\c@minitems=\count372
\c@citecounter=\count373
\c@maxcitecounter=\count374
\c@savedcitecounter=\count375
\c@uniquelist=\count376
\c@uniquename=\count377
\c@refsection=\count378
\c@refsegment=\count379
\c@maxextratitle=\count380
\c@maxextratitleyear=\count381
\c@maxextraname=\count382
\c@maxextradate=\count383
\c@maxextraalpha=\count384
\c@abbrvpenalty=\count385
\c@highnamepenalty=\count386
\c@lownamepenalty=\count387
\c@maxparens=\count388
\c@parenlevel=\count389
\blx@tempcnta=\count390
\blx@tempcntb=\count391
\blx@tempcntc=\count392
\c@blx@maxsection=\count393
\blx@maxsegment@0=\count394
\blx@notetype=\count395
\blx@parenlevel@text=\count396
\blx@parenlevel@foot=\count397
\blx@sectionciteorder@0=\count398
\blx@sectionciteorderinternal@0=\count399
\blx@entrysetcounter=\count400
\blx@biblioinstance=\count401
\labelnumberwidth=\skip60
\labelalphawidth=\skip61
\biblabelsep=\skip62
\bibitemsep=\skip63
\bibnamesep=\skip64
\bibinitsep=\skip65
\bibparsep=\skip66
\bibhang=\skip67
\blx@bcfin=\read4
\blx@bcfout=\write4
\blx@langwohyphens=\language91
\c@mincomprange=\count402
\c@maxcomprange=\count403
\c@mincompwidth=\count404
Package biblatex Info: Trying to load biblatex default data model...
Package biblatex Info: ... file 'blx-dm.def' found.
 (c:/texlive/2025/texmf-dist/tex/latex/biblatex/blx-dm.def
File: blx-dm.def 2024/03/21 v3.20 biblatex datamodel (PK/MW)
)
Package biblatex Info: Trying to load biblatex style data model...
Package biblatex Info: ... file 'numeric.dbx' not found.
Package biblatex Info: Trying to load biblatex custom data model...
Package biblatex Info: ... file 'biblatex-dm.cfg' not found.
\c@afterword=\count405
\c@savedafterword=\count406
\c@annotator=\count407
\c@savedannotator=\count408
\c@author=\count409
\c@savedauthor=\count410
\c@bookauthor=\count411
\c@savedbookauthor=\count412
\c@commentator=\count413
\c@savedcommentator=\count414
\c@editor=\count415
\c@savededitor=\count416
\c@editora=\count417
\c@savededitora=\count418
\c@editorb=\count419
\c@savededitorb=\count420
\c@editorc=\count421
\c@savededitorc=\count422
\c@foreword=\count423
\c@savedforeword=\count424
\c@holder=\count425
\c@savedholder=\count426
\c@introduction=\count427
\c@savedintroduction=\count428
\c@namea=\count429
\c@savednamea=\count430
\c@nameb=\count431
\c@savednameb=\count432
\c@namec=\count433
\c@savednamec=\count434
\c@translator=\count435
\c@savedtranslator=\count436
\c@shortauthor=\count437
\c@savedshortauthor=\count438
\c@shorteditor=\count439
\c@savedshorteditor=\count440
\c@labelname=\count441
\c@savedlabelname=\count442
\c@institution=\count443
\c@savedinstitution=\count444
\c@lista=\count445
\c@savedlista=\count446
\c@listb=\count447
\c@savedlistb=\count448
\c@listc=\count449
\c@savedlistc=\count450
\c@listd=\count451
\c@savedlistd=\count452
\c@liste=\count453
\c@savedliste=\count454
\c@listf=\count455
\c@savedlistf=\count456
\c@location=\count457
\c@savedlocation=\count458
\c@organization=\count459
\c@savedorganization=\count460
\c@origlocation=\count461
\c@savedoriglocation=\count462
\c@origpublisher=\count463
\c@savedorigpublisher=\count464
\c@publisher=\count465
\c@savedpublisher=\count466
\c@language=\count467
\c@savedlanguage=\count468
\c@origlanguage=\count469
\c@savedoriglanguage=\count470
\c@pageref=\count471
\c@savedpageref=\count472
\shorthandwidth=\skip68
\shortjournalwidth=\skip69
\shortserieswidth=\skip70
\shorttitlewidth=\skip71
\shortauthorwidth=\skip72
\shorteditorwidth=\skip73
\locallabelnumberwidth=\skip74
\locallabelalphawidth=\skip75
\localshorthandwidth=\skip76
\localshortjournalwidth=\skip77
\localshortserieswidth=\skip78
\localshorttitlewidth=\skip79
\localshortauthorwidth=\skip80
\localshorteditorwidth=\skip81
Package biblatex Info: Trying to load compatibility code...
Package biblatex Info: ... file 'blx-compat.def' found.
 (c:/texlive/2025/texmf-dist/tex/latex/biblatex/blx-compat.def
File: blx-compat.def 2024/03/21 v3.20 biblatex compatibility (PK/MW)
)
Package biblatex Info: Trying to load generic definitions...
Package biblatex Info: ... file 'biblatex.def' found.
 (c:/texlive/2025/texmf-dist/tex/latex/biblatex/biblatex.def
File: biblatex.def 2024/03/21 v3.20 biblatex compatibility (PK/MW)
\c@textcitecount=\count473
\c@textcitetotal=\count474
\c@textcitemaxnames=\count475
\c@biburlbigbreakpenalty=\count476
\c@biburlbreakpenalty=\count477
\c@biburlnumpenalty=\count478
\c@biburlucpenalty=\count479
\c@biburllcpenalty=\count480
\biburlbigskip=\muskip19
\biburlnumskip=\muskip20
\biburlucskip=\muskip21
\biburllcskip=\muskip22
\c@smartand=\count481
)
Package biblatex Info: Trying to load bibliography style 'numeric'...
Package biblatex Info: ... file 'numeric.bbx' found.
 (c:/texlive/2025/texmf-dist/tex/latex/biblatex/bbx/numeric.bbx
File: numeric.bbx 2024/03/21 v3.20 biblatex bibliography style (PK/MW)
Package biblatex Info: Trying to load bibliography style 'standard'...
Package biblatex Info: ... file 'standard.bbx' found.
 (c:/texlive/2025/texmf-dist/tex/latex/biblatex/bbx/standard.bbx
File: standard.bbx 2024/03/21 v3.20 biblatex bibliography style (PK/MW)
\c@bbx:relatedcount=\count482
\c@bbx:relatedtotal=\count483
))
Package biblatex Info: Trying to load citation style 'numeric'...
Package biblatex Info: ... file 'numeric.cbx' found.
 (c:/texlive/2025/texmf-dist/tex/latex/biblatex/cbx/numeric.cbx
File: numeric.cbx 2024/03/21 v3.20 biblatex citation style (PK/MW)
Package biblatex Info: Redefining '\cite'.
Package biblatex Info: Redefining '\parencite'.
Package biblatex Info: Redefining '\footcite'.
Package biblatex Info: Redefining '\footcitetext'.
Package biblatex Info: Redefining '\smartcite'.
Package biblatex Info: Redefining '\supercite'.
Package biblatex Info: Redefining '\textcite'.
Package biblatex Info: Redefining '\textcites'.
Package biblatex Info: Redefining '\cites'.
Package biblatex Info: Redefining '\parencites'.
Package biblatex Info: Redefining '\smartcites'.
)
Package biblatex Info: Trying to load configuration file...
Package biblatex Info: ... file 'biblatex.cfg' found.
 (c:/texlive/2025/texmf-dist/tex/latex/biblatex/biblatex.cfg
File: biblatex.cfg 
)
Package biblatex Info: Input encoding 'utf8' detected.
Package biblatex Info: Document encoding is UTF8 ....
Package biblatex Info: ... and expl3
(biblatex)             2025-04-29 L3 programming layer (loader) 
(biblatex)             is new enough (at least 2020/04/06),
(biblatex)             setting 'casechanger=expl3'.
 (c:/texlive/2025/texmf-dist/tex/latex/biblatex/blx-case-expl3.sty
Package: blx-case-expl3 2024/03/21 v3.20 expl3 case changing code for biblatex
)) (./preamb/preamb-graph.tex (c:/texlive/2025/texmf-dist/tex/latex/xcolor/svgnam.def
File: svgnam.def 2024/09/29 v3.02 Predefined colors according to SVG 1.1 (UK)
) (c:/texlive/2025/texmf-dist/tex/latex/caption/subcaption.sty
Package: subcaption 2023/07/28 v1.6b Sub-captions (AR)
Package caption Info: New subtype `subfigure' on input line 238.
\c@subfigure=\count484
Package caption Info: New subtype `subtable' on input line 238.
\c@subtable=\count485
)) (c:/texlive/2025/texmf-dist/tex/latex/svg/svg.sty
Package: svg 2020/11/26 v2.02k (include SVG pictures)
 (c:/texlive/2025/texmf-dist/tex/latex/koma-script/scrbase.sty
Package: scrbase 2024/10/24 v3.43 KOMA-Script package (KOMA-Script-independent basics and keyval usage)
 (c:/texlive/2025/texmf-dist/tex/latex/koma-script/scrlfile.sty
Package: scrlfile 2024/10/24 v3.43 KOMA-Script package (file load hooks)
 (c:/texlive/2025/texmf-dist/tex/latex/koma-script/scrlfile-hook.sty
Package: scrlfile-hook 2024/10/24 v3.43 KOMA-Script package (using LaTeX hooks)
 (c:/texlive/2025/texmf-dist/tex/latex/koma-script/scrlogo.sty
Package: scrlogo 2024/10/24 v3.43 KOMA-Script package (logo)
)))
Applying: [2021/05/01] Usage of raw or classic option list on input line 254.
Already applied: [0000/00/00] Usage of raw or classic option list on input line 370.
) (c:/texlive/2025/texmf-dist/tex/latex/trimspaces/trimspaces.sty
Package: trimspaces 2009/09/17 v1.1 Trim spaces around a token list
) (c:/texlive/2025/texmf-dist/tex/latex/tools/shellesc.sty
Package: shellesc 2023/07/08 v1.0d unified shell escape interface for LaTeX
Package shellesc Info: Restricted shell escape enabled on input line 77.
)
\c@svg@param@lastpage=\count486
\svg@box=\box71
\c@svg@param@currpage=\count487
) (c:/texlive/2025/texmf-dist/tex/latex/transparent/transparent.sty
Package: transparent 2022-10-27 v1.5 Transparency with color stacks
 (c:/texlive/2025/texmf-dist/tex/latex/transparent/transparent-nometadata.sty
Package: transparent-nometadata 2022-10-27 v1.5 Transparency via pdfTeX's color stack (HO)
 (c:/texlive/2025/texmf-dist/tex/latex/auxhook/auxhook.sty
Package: auxhook 2019-12-17 v1.6 Hooks for auxiliary files (HO)
))) (./preamb/preamb-math.tex (c:/texlive/2025/texmf-dist/tex/latex/tools/bm.sty
Package: bm 2023/12/19 v1.2f Bold Symbol Support (DPC/FMi)
\symboldoperators=\mathgroup6
\symboldletters=\mathgroup7
\symboldsymbols=\mathgroup8
Package bm Info: No bold for \OMX/lmex/m/n, using \pmb.
Package bm Info: No bold for \U/msa/m/n, using \pmb.
Package bm Info: No bold for \U/msb/m/n, using \pmb.
LaTeX Font Info:    Redeclaring math alphabet \mathbf on input line 149.
) (c:/texlive/2025/texmf-dist/tex/latex/bbm-macros/bbm.sty
Package: bbm 1999/03/15 V 1.2 provides fonts for set symbols - TH
LaTeX Font Info:    Overwriting math alphabet `\mathbbm' in version `bold'
(Font)                  U/bbm/m/n --> U/bbm/bx/n on input line 33.
LaTeX Font Info:    Overwriting math alphabet `\mathbbmss' in version `bold'
(Font)                  U/bbmss/m/n --> U/bbmss/bx/n on input line 35.
) (c:/texlive/2025/texmf-dist/tex/latex/was/upgreek.sty
Package: upgreek 2003/02/12 v2.0 (WaS)
Package upgreek Info: Using Euler Roman for upright Greek on input line 31.
\symugrf@m=\mathgroup9
LaTeX Font Info:    Overwriting symbol font `ugrf@m' in version `bold'
(Font)                  U/eur/m/n --> U/eur/b/n on input line 38.
)) (./preamb/preamb-util.tex (c:/texlive/2025/texmf-dist/tex/latex/eso-pic/eso-pic.sty
Package: eso-pic 2023/05/03 v3.0c eso-pic (RN)
\ESO@tempdima=\dimen305
\ESO@tempdimb=\dimen306
)) (c:/texlive/2025/texmf-dist/tex/latex/hyperref/hyperref.sty
Package: hyperref 2024-11-05 v7.01l Hypertext links for LaTeX
 (c:/texlive/2025/texmf-dist/tex/generic/kvdefinekeys/kvdefinekeys.sty
Package: kvdefinekeys 2019-12-19 v1.6 Define keys (HO)
) (c:/texlive/2025/texmf-dist/tex/generic/pdfescape/pdfescape.sty
Package: pdfescape 2019/12/09 v1.15 Implements pdfTeX's escape features (HO)
) (c:/texlive/2025/texmf-dist/tex/latex/hycolor/hycolor.sty
Package: hycolor 2020-01-27 v1.10 Color options for hyperref/bookmark (HO)
) (c:/texlive/2025/texmf-dist/tex/latex/hyperref/nameref.sty
Package: nameref 2023-11-26 v2.56 Cross-referencing by name of section
 (c:/texlive/2025/texmf-dist/tex/latex/refcount/refcount.sty
Package: refcount 2019/12/15 v3.6 Data extraction from label references (HO)
) (c:/texlive/2025/texmf-dist/tex/generic/gettitlestring/gettitlestring.sty
Package: gettitlestring 2019/12/15 v1.6 Cleanup title references (HO)
)
\c@section@level=\count488
) (c:/texlive/2025/texmf-dist/tex/generic/stringenc/stringenc.sty
Package: stringenc 2019/11/29 v1.12 Convert strings between diff. encodings (HO)
)
\@linkdim=\dimen307
\Hy@linkcounter=\count489
\Hy@pagecounter=\count490
 (c:/texlive/2025/texmf-dist/tex/latex/hyperref/pd1enc.def
File: pd1enc.def 2024-11-05 v7.01l Hyperref: PDFDocEncoding definition (HO)
Now handling font encoding PD1 ...
... no UTF-8 mapping file for font encoding PD1
) (c:/texlive/2025/texmf-dist/tex/generic/intcalc/intcalc.sty
Package: intcalc 2019/12/15 v1.3 Expandable calculations with integers (HO)
)
\Hy@SavedSpaceFactor=\count491
 (c:/texlive/2025/texmf-dist/tex/latex/hyperref/puenc.def
File: puenc.def 2024-11-05 v7.01l Hyperref: PDF Unicode definition (HO)
Now handling font encoding PU ...
... no UTF-8 mapping file for font encoding PU
)
Package hyperref Info: Hyper figures OFF on input line 4157.
Package hyperref Info: Link nesting OFF on input line 4162.
Package hyperref Info: Hyper index ON on input line 4165.
Package hyperref Info: Plain pages OFF on input line 4172.
Package hyperref Info: Backreferencing OFF on input line 4177.
Package hyperref Info: Implicit mode ON; LaTeX internals redefined.
Package hyperref Info: Bookmarks ON on input line 4424.
\c@Hy@tempcnt=\count492
LaTeX Info: Redefining \url on input line 4763.
\XeTeXLinkMargin=\dimen308
 (c:/texlive/2025/texmf-dist/tex/generic/bitset/bitset.sty
Package: bitset 2019/12/09 v1.3 Handle bit-vector datatype (HO)
 (c:/texlive/2025/texmf-dist/tex/generic/bigintcalc/bigintcalc.sty
Package: bigintcalc 2019/12/15 v1.5 Expandable calculations on big integers (HO)
))
\Fld@menulength=\count493
\Field@Width=\dimen309
\Fld@charsize=\dimen310
Package hyperref Info: Hyper figures OFF on input line 6042.
Package hyperref Info: Link nesting OFF on input line 6047.
Package hyperref Info: Hyper index ON on input line 6050.
Package hyperref Info: backreferencing OFF on input line 6057.
Package hyperref Info: Link coloring OFF on input line 6062.
Package hyperref Info: Link coloring with OCG OFF on input line 6067.
Package hyperref Info: PDF/A mode OFF on input line 6072.
 (c:/texlive/2025/texmf-dist/tex/latex/base/atbegshi-ltx.sty
Package: atbegshi-ltx 2021/01/10 v1.0c Emulation of the original atbegshi
package with kernel methods
)
\Hy@abspage=\count494
\c@Item=\count495
\c@Hfootnote=\count496
)
Package hyperref Info: Driver (autodetected): hpdftex.
 (c:/texlive/2025/texmf-dist/tex/latex/hyperref/hpdftex.def
File: hpdftex.def 2024-11-05 v7.01l Hyperref driver for pdfTeX
 (c:/texlive/2025/texmf-dist/tex/latex/base/atveryend-ltx.sty
Package: atveryend-ltx 2020/08/19 v1.0a Emulation of the original atveryend package
with kernel methods
)
\Fld@listcount=\count497
\c@bookmark@seq@number=\count498
 (c:/texlive/2025/texmf-dist/tex/latex/rerunfilecheck/rerunfilecheck.sty
Package: rerunfilecheck 2022-07-10 v1.10 Rerun checks for auxiliary files (HO)
 (c:/texlive/2025/texmf-dist/tex/generic/uniquecounter/uniquecounter.sty
Package: uniquecounter 2019/12/15 v1.4 Provide unlimited unique counter (HO)
)
Package uniquecounter Info: New unique counter `rerunfilecheck' on input line 285.
)
\Hy@SectionHShift=\skip82
)
Package hyperref Info: Option `colorlinks' set `true' on input line 43.
 (c:/texlive/2025/texmf-dist/tex/latex/minitoc/minitoc.sty
Package: minitoc 2018/07/12 v62 Package minitoc
 (c:/texlive/2025/texmf-dist/tex/latex/minitoc/mtcmess.sty
Package: mtcmess 2006/03/14
)
Package minitoc Info: I0001
(minitoc)             *** minitoc package, version 62 ***.
\tf@mtc=\write5
\mtcindent=\skip83
\mtcskipamount=\skip84
Package minitoc Info: I0005
(minitoc)             compatible with hyperref.
Package minitoc Info: I0023
(minitoc)             part level macros available.
Package minitoc Info: I0003
(minitoc)             chapter level macros available.
\mtc@toks=\toks44
\mtc@strutbox=\box72
\mtc@hstrutbox=\box73
Package minitoc Info: I0002
(minitoc)             Autoconfiguration of extensions.
\openout5 = `mythesis.mtc0'.

\openout5 = `mythesis.mtc'.

 (./mythesis.mtc0)
Package minitoc Info: I0012
(minitoc)             Long extensions (Unix-like) will be used.
Package minitoc Info: I0031
(minitoc)             ==> this version is configured for UNIX-like 
(minitoc)                 (long extensions) file names.
\openout5 = `mythesis.mtc'.

\openout5 = `mythesis.mtc0'.

\c@mtc=\count499
\c@minitocdepth=\count500
\c@ptc=\count501
\c@parttocdepth=\count502
\ptcindent=\skip85
Package minitoc Info: I0010
(minitoc)             The english language is selected.
(minitoc)              on input line 4910.
 (c:/texlive/2025/texmf-dist/tex/latex/minitoc/english.mld
File: english.mld 2006/01/13
) (c:/texlive/2025/texmf-dist/tex/latex/minitoc/english.mld
File: english.mld 2006/01/13
))

Package minitoc Warning: W0010
(minitoc)                No file mythesis.toc. 
(minitoc)                MINITOCS NOT PREPARED on input line 49.


Package biblatex Warning: 'babel/polyglossia' detected but 'csquotes' missing.
(biblatex)                Loading 'csquotes' recommended.

\@quotelevel=\count503
\@quotereset=\count504
LaTeX Font Info:    Trying to load font information for T1+lmr on input line 50.
(c:/texlive/2025/texmf-dist/tex/latex/lm/t1lmr.fd
File: t1lmr.fd 2015/05/01 v1.6.1 Font defs for Latin Modern
)
No file mythesis.aux.
\openout1 = `mythesis.aux'.

LaTeX Font Info:    Checking defaults for OML/cmm/m/it on input line 50.
LaTeX Font Info:    ... okay on input line 50.
LaTeX Font Info:    Checking defaults for OMS/cmsy/m/n on input line 50.
LaTeX Font Info:    ... okay on input line 50.
LaTeX Font Info:    Checking defaults for OT1/cmr/m/n on input line 50.
LaTeX Font Info:    ... okay on input line 50.
LaTeX Font Info:    Checking defaults for T1/cmr/m/n on input line 50.
LaTeX Font Info:    ... okay on input line 50.
LaTeX Font Info:    Checking defaults for TS1/cmr/m/n on input line 50.
LaTeX Font Info:    ... okay on input line 50.
LaTeX Font Info:    Checking defaults for OMX/cmex/m/n on input line 50.
LaTeX Font Info:    ... okay on input line 50.
LaTeX Font Info:    Checking defaults for U/cmr/m/n on input line 50.
LaTeX Font Info:    ... okay on input line 50.
LaTeX Font Info:    Checking defaults for PD1/pdf/m/n on input line 50.
LaTeX Font Info:    ... okay on input line 50.
LaTeX Font Info:    Checking defaults for PU/pdf/m/n on input line 50.
LaTeX Font Info:    ... okay on input line 50.
*geometry* driver: auto-detecting
*geometry* detected driver: pdftex
*geometry* verbose mode - [ preamble ] result:
* driver: pdftex
* paper: a4paper
* layout: <same size as paper>
* layoutoffset:(h,v)=(0.0pt,0.0pt)
* modes: includehead includefoot twoside 
* h-part:(L,W,R)=(79.66771pt, 438.17245pt, 79.66771pt)
* v-part:(T,H,B)=(79.66771pt, 685.71143pt, 79.66771pt)
* \paperwidth=597.50787pt
* \paperheight=845.04684pt
* \textwidth=438.17245pt
* \textheight=626.37468pt
* \oddsidemargin=7.39772pt
* \evensidemargin=7.39772pt
* \topmargin=7.39772pt
* \headheight=12.0pt
* \headsep=19.8738pt
* \topskip=11.0pt
* \footskip=27.46295pt
* \marginparwidth=106.0pt
* \marginparsep=7.0pt
* \columnsep=10.0pt
* \skip\footins=10.0pt plus 4.0pt minus 2.0pt
* \hoffset=0.0pt
* \voffset=0.0pt
* \mag=1000
* \@twocolumnfalse
* \@twosidetrue
* \@mparswitchtrue
* \@reversemarginfalse
* (1in=72.27pt=25.4mm, 1cm=28.453pt)

(c:/texlive/2025/texmf-dist/tex/context/base/mkii/supp-pdf.mkii
[Loading MPS to PDF converter (version 2006.09.02).]
\scratchcounter=\count505
\scratchdimen=\dimen311
\scratchbox=\box74
\nofMPsegments=\count506
\nofMParguments=\count507
\everyMPshowfont=\toks45
\MPscratchCnt=\count508
\MPscratchDim=\dimen312
\MPnumerator=\count509
\makeMPintoPDFobject=\count510
\everyMPtoPDFconversion=\toks46
) (c:/texlive/2025/texmf-dist/tex/latex/epstopdf-pkg/epstopdf-base.sty
Package: epstopdf-base 2020-01-24 v2.11 Base part for package epstopdf
Package epstopdf-base Info: Redefining graphics rule for `.eps' on input line 485.
 (c:/texlive/2025/texmf-dist/tex/latex/latexconfig/epstopdf-sys.cfg
File: epstopdf-sys.cfg 2010/07/13 v1.3 Configuration of (r)epstopdf for TeX Live
))
Package caption Info: Begin \AtBeginDocument code.
Package caption Info: hyperref package is loaded.
Package caption Info: End \AtBeginDocument code.
Package biblatex Info: Trying to load language 'english'...
Package biblatex Info: ... file 'english.lbx' found.
 (c:/texlive/2025/texmf-dist/tex/latex/biblatex/lbx/english.lbx
File: english.lbx 2024/03/21 v3.20 biblatex localization (PK/MW)
)
Package biblatex Info: Input encoding 'utf8' detected.
Package biblatex Info: Automatic encoding selection.
(biblatex)             Assuming data encoding 'utf8'.
\openout4 = `mythesis.bcf'.

Package biblatex Info: Trying to load bibliographic data...
Package biblatex Info: ... file 'mythesis.bbl' found.
 (./mythesis.bbl

Package biblatex Warning: The following entry could not be found
(biblatex)                in the database:
(biblatex)                Neuhauser_Thesis_2021
(biblatex)                Please verify the spelling and rerun
(biblatex)                LaTeX afterwards.


Package biblatex Warning: The following entry could not be found
(biblatex)                in the database:
(biblatex)                PyRPL_Article
(biblatex)                Please verify the spelling and rerun
(biblatex)                LaTeX afterwards.


Package biblatex Warning: The following entry could not be found
(biblatex)                in the database:
(biblatex)                PyRPL_Docs
(biblatex)                Please verify the spelling and rerun
(biblatex)                LaTeX afterwards.


Package biblatex Warning: The following entry could not be found
(biblatex)                in the database:
(biblatex)                Vahlbruch2006
(biblatex)                Please verify the spelling and rerun
(biblatex)                LaTeX afterwards.


Package biblatex Warning: The following entry could not be found
(biblatex)                in the database:
(biblatex)                Vyatchanin1993
(biblatex)                Please verify the spelling and rerun
(biblatex)                LaTeX afterwards.


Package biblatex Warning: The following entry could not be found
(biblatex)                in the database:
(biblatex)                aasi_enhanced_2013
(biblatex)                Please verify the spelling and rerun
(biblatex)                LaTeX afterwards.


Package biblatex Warning: The following entry could not be found
(biblatex)                in the database:
(biblatex)                braginsky_quantum_1992
(biblatex)                Please verify the spelling and rerun
(biblatex)                LaTeX afterwards.


Package biblatex Warning: The following entry could not be found
(biblatex)                in the database:
(biblatex)                dumont_cavity_2017
(biblatex)                Please verify the spelling and rerun
(biblatex)                LaTeX afterwards.


Package biblatex Warning: The following entry could not be found
(biblatex)                in the database:
(biblatex)                harry_advanced_2010
(biblatex)                Please verify the spelling and rerun
(biblatex)                LaTeX afterwards.


Package biblatex Warning: The following entry could not be found
(biblatex)                in the database:
(biblatex)                peterson_laser_2016
(biblatex)                Please verify the spelling and rerun
(biblatex)                LaTeX afterwards.


Package biblatex Warning: The following entry could not be found
(biblatex)                in the database:
(biblatex)                purdy_observation_2013
(biblatex)                Please verify the spelling and rerun
(biblatex)                LaTeX afterwards.


Package biblatex Warning: The following entry could not be found
(biblatex)                in the database:
(biblatex)                thompson_coupling_2013
(biblatex)                Please verify the spelling and rerun
(biblatex)                LaTeX afterwards.


Package biblatex Warning: The following entry could not be found
(biblatex)                in the database:
(biblatex)                thompson_strong_2008
(biblatex)                Please verify the spelling and rerun
(biblatex)                LaTeX afterwards.


Package biblatex Warning: The following entry could not be found
(biblatex)                in the database:
(biblatex)                xu_cavity_2016
(biblatex)                Please verify the spelling and rerun
(biblatex)                LaTeX afterwards.

)
Package biblatex Info: Reference section=0 on input line 50.
Package biblatex Info: Reference segment=0 on input line 50.
Package hyperref Info: Link coloring ON on input line 50.
\@outlinefile=\write6
\openout6 = `mythesis.out'.

Package minitoc(hints) Info: I0049
(minitoc(hints))             ==> You requested the hints option. 
(minitoc(hints))             Some hints are eventually given below.
 (./thcoverdata.tex)
*geometry* verbose mode - [ newgeometry ] result:
* driver: pdftex
* paper: a4paper
* layout: <same size as paper>
* layoutoffset:(h,v)=(0.0pt,0.0pt)
* modes: twoside 
* h-part:(L,W,R)=(34.1433pt, 529.22128pt, 34.1433pt)
* v-part:(T,H,B)=(28.45274pt, 802.36774pt, 14.22636pt)
* \paperwidth=597.50787pt
* \paperheight=845.04684pt
* \textwidth=529.22128pt
* \textheight=802.36774pt
* \oddsidemargin=-38.1267pt
* \evensidemargin=-38.1267pt
* \topmargin=-75.69104pt
* \headheight=12.0pt
* \headsep=19.8738pt
* \topskip=11.0pt
* \footskip=27.46295pt
* \marginparwidth=106.0pt
* \marginparsep=7.0pt
* \columnsep=10.0pt
* \skip\footins=10.0pt plus 4.0pt minus 2.0pt
* \hoffset=0.0pt
* \voffset=0.0pt
* \mag=1000
* \@twocolumnfalse
* \@twosidetrue
* \@mparswitchtrue
* \@reversemarginfalse
* (1in=72.27pt=25.4mm, 1cm=28.453pt)

<./fig/Sciences_SU.png, id=7, 390.9807pt x 157.0668pt>
File: ./fig/Sciences_SU.png Graphic file (type png)
<use ./fig/Sciences_SU.png>
Package pdftex.def Info: ./fig/Sciences_SU.png  used on input line 57.
(pdftex.def)             Requested size: 141.64781pt x 56.9055pt.
<./fig/Logo_LKB.png, id=9, 549.9747pt x 123.8226pt>
File: ./fig/Logo_LKB.png Graphic file (type png)
<use ./fig/Logo_LKB.png>
Package pdftex.def Info: ./fig/Logo_LKB.png  used on input line 57.
(pdftex.def)             Requested size: 252.75645pt x 56.9055pt.
LaTeX Font Info:    Trying to load font information for TS1+lmr on input line 57.
 (c:/texlive/2025/texmf-dist/tex/latex/lm/ts1lmr.fd
File: ts1lmr.fd 2015/05/01 v1.6.1 Font defs for Latin Modern
)
LaTeX Font Info:    Trying to load font information for OT1+lmr on input line 57.
 (c:/texlive/2025/texmf-dist/tex/latex/lm/ot1lmr.fd
File: ot1lmr.fd 2015/05/01 v1.6.1 Font defs for Latin Modern
)
LaTeX Font Info:    Trying to load font information for OML+lmm on input line 57.
 (c:/texlive/2025/texmf-dist/tex/latex/lm/omllmm.fd
File: omllmm.fd 2015/05/01 v1.6.1 Font defs for Latin Modern
)
LaTeX Font Info:    Trying to load font information for OMS+lmsy on input line 57.
 (c:/texlive/2025/texmf-dist/tex/latex/lm/omslmsy.fd
File: omslmsy.fd 2015/05/01 v1.6.1 Font defs for Latin Modern
)
LaTeX Font Info:    Trying to load font information for OMX+lmex on input line 57.
 (c:/texlive/2025/texmf-dist/tex/latex/lm/omxlmex.fd
File: omxlmex.fd 2015/05/01 v1.6.1 Font defs for Latin Modern
)
LaTeX Font Info:    External font `lmex10' loaded for size
(Font)              <12> on input line 57.
LaTeX Font Info:    External font `lmex10' loaded for size
(Font)              <8> on input line 57.
LaTeX Font Info:    External font `lmex10' loaded for size
(Font)              <6> on input line 57.
LaTeX Font Info:    Trying to load font information for U+msa on input line 57.
 (c:/texlive/2025/texmf-dist/tex/latex/amsfonts/umsa.fd
File: umsa.fd 2013/01/14 v3.01 AMS symbols A
)
LaTeX Font Info:    Trying to load font information for U+msb on input line 57.
 (c:/texlive/2025/texmf-dist/tex/latex/amsfonts/umsb.fd
File: umsb.fd 2013/01/14 v3.01 AMS symbols B
)
Overfull \hbox (12.28476pt too wide) in paragraph at lines 57--57
[]\T1/lmr/bx/n/12 Mme.| 
 []


Overfull \hbox (12.28476pt too wide) in paragraph at lines 57--57
[]\T1/lmr/bx/n/12 Mme.| 
 []

<./fig/logos.png, id=10, 292.9344pt x 92.0238pt>
File: ./fig/logos.png Graphic file (type png)
<use ./fig/logos.png>
Package pdftex.def Info: ./fig/logos.png  used on input line 57.
(pdftex.def)             Requested size: 284.52756pt x 89.39075pt.


[-1



{c:/texlive/2025/texmf-var/fonts/map/pdftex/updmap/pdftex.map}{c:/texlive/2025/texmf-dist/fonts/enc/dvips/lm/lm-ec.enc}{c:/texlive/2025/texmf-dist/fonts/enc/dvips/lm/lm-ts1.enc} <./fig/Sciences_SU.png> <./fig/Logo_LKB.png> <./fig/logos.png>]


pdfTeX warning (ext4): destination with the same identifier (name{page.}) has been already used, duplicate ignored
<to be read again> 
                   \relax 
l.57 \frontcover
                \ % requires thcover.sty loaded and thcoverdata.tex filled [0


]

[1]
\openout2 = `./thanks.aux'.

 (./thanks.tex

[2


])

[3]

[4


]
No file mythesis.toc.
\tf@toc=\write7
\openout7 = `mythesis.toc'.



[5

]

[6

]

[1]
\openout2 = `./chap1/chap1.aux'.

 (./chap1/chap1.tex

[2


])

[3]
\openout2 = `./chap2/chap2.aux'.

 (./chap2/chap2.tex

[4




]
Chapter I.


[5]
\openout5 = `mythesis.mtc'.

\openout5 = `mythesis.mtc'.

LaTeX Font Info:    External font `lmex10' loaded for size
(Font)              <10> on input line 7.
LaTeX Font Info:    External font `lmex10' loaded for size
(Font)              <7> on input line 7.
LaTeX Font Info:    External font `lmex10' loaded for size
(Font)              <5> on input line 7.
 (./mythesis.mtc2)

[6]
LaTeX Font Info:    External font `lmex10' loaded for size
(Font)              <10.95> on input line 10.

Overfull \hbox (3.08145pt too wide) in paragraph at lines 10--11
\T1/lmr/m/n/10.95 scribed by a set of well-defined trans-verse modes, which are so-lu-tions of the parax-ial Helmholtz
 []


Underfull \hbox (badness 10000) in paragraph at lines 47--48

 []



[7{c:/texlive/2025/texmf-dist/fonts/enc/dvips/lm/lm-mathit.enc}{c:/texlive/2025/texmf-dist/fonts/enc/dvips/lm/lm-rm.enc}{c:/texlive/2025/texmf-dist/fonts/enc/dvips/lm/lm-mathex.enc}{c:/texlive/2025/texmf-dist/fonts/enc/dvips/lm/lm-mathsy.enc}]
Underfull \hbox (badness 10000) in paragraph at lines 60--62

 []



[8]
Underfull \hbox (badness 10000) in paragraph at lines 76--78

 []


Underfull \hbox (badness 10000) in paragraph at lines 79--80

 []



[9]
Underfull \hbox (badness 10000) in paragraph at lines 116--118

 []



[10]

[11]

[12]

[13]

[14]

LaTeX Warning: Reference `II.8' on page 15 undefined on input line 287.


LaTeX Warning: Reference `II.14' on page 15 undefined on input line 305.


LaTeX Warning: Reference `II.4' on page 15 undefined on input line 314.



[15]
Underfull \hbox (badness 10000) in paragraph at lines 323--325

 []


LaTeX Warning: Reference `II.18' on page 16 undefined on input line 326.

<./chap2/fig/quantum_states.pdf, id=214, 423.94608pt x 147.76636pt>
File: ./chap2/fig/quantum_states.pdf Graphic file (type pdf)
<use ./chap2/fig/quantum_states.pdf>
Package pdftex.def Info: ./chap2/fig/quantum_states.pdf  used on input line 339.
(pdftex.def)             Requested size: 438.17245pt x 152.7264pt.


[16]
Underfull \hbox (badness 10000) in paragraph at lines 365--367

 []


LaTeX Warning: Reference `II.26' on page 17 undefined on input line 368.



[17 <./chap2/fig/quantum_states.pdf>]
Underfull \hbox (badness 10000) in paragraph at lines 377--379

 []


LaTeX Warning: Reference `II.26' on page 18 undefined on input line 381.



[18]

LaTeX Warning: Citation 'Vyatchanin1993' on page 19 undefined on input line 436.


Underfull \hbox (badness 10000) in paragraph at lines 435--437

 []

<./chap2/fig/quantum_quadraturesBis.pdf, id=346, 423.94608pt x 143.48956pt>
File: ./chap2/fig/quantum_quadraturesBis.pdf Graphic file (type pdf)
<use ./chap2/fig/quantum_quadraturesBis.pdf>
Package pdftex.def Info: ./chap2/fig/quantum_quadraturesBis.pdf  used on input line 441.
(pdftex.def)             Requested size: 438.17245pt x 148.30605pt.

LaTeX Warning: Reference `II.xx4' on page 19 undefined on input line 450.


Underfull \hbox (badness 10000) in paragraph at lines 449--451

 []



[19 <./chap2/fig/quantum_quadraturesBis.pdf>]
Underfull \hbox (badness 10000) in paragraph at lines 452--453

 []


Underfull \hbox (badness 10000) in paragraph at lines 473--475

 []



[20]

[21]

LaTeX Warning: Reference `II.1' on page 22 undefined on input line 553.


Underfull \hbox (badness 10000) in paragraph at lines 553--554

 []

<./chap2/fig/cavity_types.pdf, id=538, 423.94608pt x 305.63097pt>
File: ./chap2/fig/cavity_types.pdf Graphic file (type pdf)
<use ./chap2/fig/cavity_types.pdf>
Package pdftex.def Info: ./chap2/fig/cavity_types.pdf  used on input line 557.
(pdftex.def)             Requested size: 438.17245pt x 315.89001pt.

LaTeX Warning: Reference `fig:cavity_types' on page 22 undefined on input line 567.


LaTeX Warning: Reference `fig:cavity_types' on page 22 undefined on input line 567.



[22]

LaTeX Warning: Reference `fig:cavity_types' on page 23 undefined on input line 576.


Underfull \hbox (badness 10000) in paragraph at lines 579--581

 []



[23 <./chap2/fig/cavity_types.pdf>]

LaTeX Warning: Reference `fig:cavity_types' on page 24 undefined on input line 582.


Underfull \hbox (badness 10000) in paragraph at lines 585--587

 []



[24]
Underfull \hbox (badness 10000) in paragraph at lines 612--614

 []


Underfull \hbox (badness 10000) in paragraph at lines 620--622

 []



[25]
Underfull \hbox (badness 10000) in paragraph at lines 636--638

 []

<./chap2/fig/CavitySimple.pdf, id=766, 423.9472pt x 267.36398pt>
File: ./chap2/fig/CavitySimple.pdf Graphic file (type pdf)
<use ./chap2/fig/CavitySimple.pdf>
Package pdftex.def Info: ./chap2/fig/CavitySimple.pdf  used on input line 661.
(pdftex.def)             Requested size: 438.17245pt x 276.33852pt.

LaTeX Warning: Reference `eq:MCIR' on page 26 undefined on input line 665.


LaTeX Warning: Reference `eq:MCIR' on page 26 undefined on input line 665.


LaTeX Warning: Reference `fig:CavitySimple' on page 26 undefined on input line 686.


Underfull \hbox (badness 10000) in paragraph at lines 689--691

 []



[26
pdfTeX warning (ext4): destination with the same identifier (name{equation.1.65}) has been already used, duplicate ignored
<argument> ...shipout:D \box_use:N \l_shipout_box 
                                                  \__shipout_drop_firstpage_...
l.692 W
       e also define the cavity finesse $\mathcal{F}$, which is a measure of...]
Underfull \hbox (badness 10000) in paragraph at lines 695--697

 []



[27 <./chap2/fig/CavitySimple.pdf>]

LaTeX Warning: Reference `fig:CavitySimple' on page 28 undefined on input line 719.


Underfull \hbox (badness 10000) in paragraph at lines 719--720

 []



[28]
Underfull \hbox (badness 10000) in paragraph at lines 760--762

 []



[29]
Underfull \hbox (badness 10000) in paragraph at lines 778--780

 []



[30]

[31]
Underfull \hbox (badness 10000) in paragraph at lines 889--891

 []



[32]
Overfull \hbox (26.43504pt too wide) detected at line 912
[][][][]\OT1/lmr/m/n/10.95 [
] = \OML/lmm/m/it/10.95 ^^^[]\OT1/lmr/m/n/10.95 [
] + \OML/lmm/m/it/10.95 ^^^[]\OT1/lmr/m/n/10.95 [
] = [] [] ^^A\OML/lmm/m/it/10.95 ^^^\OT1/lmr/m/n/10.95 [
] = \OML/lmm/m/it/10.95 ^^^[]\OT1/lmr/m/n/10.95 [
] \OMS/lmsy/m/n/10.95 ^^@ \OML/lmm/m/it/10.95 ^^^[]\OT1/lmr/m/n/10.95 [
] = [] []
 []



[33]
<./chap2/fig/schema_SHG_OPO_2photons.pdf, id=1065, 423.94608pt x 96.31834pt>
File: ./chap2/fig/schema_SHG_OPO_2photons.pdf Graphic file (type pdf)
<use ./chap2/fig/schema_SHG_OPO_2photons.pdf>
Package pdftex.def Info: ./chap2/fig/schema_SHG_OPO_2photons.pdf  used on input line 959.
(pdftex.def)             Requested size: 438.17245pt x 99.55142pt.
<./chap2/fig/cavitySHG copy.pdf, id=1066, 423.94608pt x 86.65764pt>
File: ./chap2/fig/cavitySHG copy.pdf Graphic file (type pdf)
<use ./chap2/fig/cavitySHG copy.pdf>
Package pdftex.def Info: ./chap2/fig/cavitySHG copy.pdf  used on input line 970.
(pdftex.def)             Requested size: 438.17245pt x 89.56644pt.


LaTeX Warning: `h' float specifier changed to `ht'.



[34 <./chap2/fig/schema_SHG_OPO_2photons.pdf>]
Underfull \hbox (badness 10000) in paragraph at lines 995--997

 []


Underfull \hbox (badness 10000) in paragraph at lines 998--999

 []

<./chap2/fig/OPO2.pdf, id=1101, 423.94601pt x 155.85205pt>
File: ./chap2/fig/OPO2.pdf Graphic file (type pdf)
<use ./chap2/fig/OPO2.pdf>
Package pdftex.def Info: ./chap2/fig/OPO2.pdf  used on input line 1004.
(pdftex.def)             Requested size: 438.17245pt x 161.0835pt.


[35 <./chap2/fig/cavitySHG copy.pdf>]

Package amsmath Warning: Cannot use `split' here;
(amsmath)                trying to recover with `aligned' on input line 1017.



[36 <./chap2/fig/OPO2.pdf>]
Underfull \hbox (badness 10000) in paragraph at lines 1027--1029

 []

<./chap2/fig/amp_deamp.pdf, id=1434, 423.94608pt x 142.26378pt>
File: ./chap2/fig/amp_deamp.pdf Graphic file (type pdf)
<use ./chap2/fig/amp_deamp.pdf>
Package pdftex.def Info: ./chap2/fig/amp_deamp.pdf  used on input line 1032.
(pdftex.def)             Requested size: 438.17245pt x 147.03911pt.


[37 <./chap2/fig/amp_deamp.pdf>]

LaTeX Warning: Citation 'Vahlbruch2006' on page 38 undefined on input line 1050.


Underfull \hbox (badness 10000) in paragraph at lines 1048--1051

 []



[38]
Underfull \hbox (badness 10000) in paragraph at lines 1093--1094

 []


LaTeX Warning: Reference `eq:II85' on page 39 undefined on input line 1095.


Underfull \hbox (badness 10000) in paragraph at lines 1126--1129

 []



[39]
<./chap2/fig/OPONoises.pdf, id=31666, 423.94608pt x 284.52756pt>
File: ./chap2/fig/OPONoises.pdf Graphic file (type pdf)
<use ./chap2/fig/OPONoises.pdf>
Package pdftex.def Info: ./chap2/fig/OPONoises.pdf  used on input line 1137.
(pdftex.def)             Requested size: 438.17245pt x 294.07823pt.


LaTeX Warning: `!h' float specifier changed to `!ht'.


LaTeX Warning: Reference `eq:perfect_squeezer' on page 40 undefined on input line 1154.


LaTeX Warning: Reference `II.xx3' on page 40 undefined on input line 1154.

<./chap2/fig/CavityOM.pdf, id=31667, 423.94608pt x 109.68973pt>
File: ./chap2/fig/CavityOM.pdf Graphic file (type pdf)
<use ./chap2/fig/CavityOM.pdf>
Package pdftex.def Info: ./chap2/fig/CavityOM.pdf  used on input line 1168.
(pdftex.def)             Requested size: 438.17245pt x 113.37164pt.


[40]

[41 <./chap2/fig/OPONoises.pdf> <./chap2/fig/CavityOM.pdf

pdfTeX warning: pdflatex.exe (file ./chap2/fig/CavityOM.pdf): PDF inclusion: multiple pdfs with page group included in a single page
>]

[42]

LaTeX Warning: Reference `eq:Frad' on page 43 undefined on input line 1218.


Package amsmath Warning: Cannot use `split' here;
(amsmath)                trying to recover with `aligned' on input line 1232.


Underfull \hbox (badness 10000) in paragraph at lines 1237--1238

 []



[43]
Underfull \hbox (badness 10000) in paragraph at lines 1248--1249

 []


LaTeX Warning: Reference `eq:alpha' on page 44 undefined on input line 1255.


Underfull \hbox (badness 10000) in paragraph at lines 1266--1268

 []



[44]
Underfull \hbox (badness 10000) in paragraph at lines 1272--1274

 []


LaTeX Warning: Reference `eq:dx' on page 45 undefined on input line 1276.


LaTeX Warning: Reference `eq:Frad' on page 45 undefined on input line 1276.



[45]
Underfull \hbox (badness 10000) in paragraph at lines 1346--1348

 []


Underfull \hbox (badness 10000) in paragraph at lines 1356--1358

 []



[46]
Underfull \hbox (badness 10000) in paragraph at lines 1366--1367

 []



[47]
Underfull \hbox (badness 10000) in paragraph at lines 1387--1389

 []


Underfull \hbox (badness 10000) in paragraph at lines 1395--1397

 []



[48]
Underfull \hbox (badness 10000) in paragraph at lines 1409--1411

 []



[49]

Package amsmath Warning: Cannot use `split' here;
(amsmath)                trying to recover with `aligned' on input line 1431.


Overfull \hbox (2.99176pt too wide) in paragraph at lines 1433--1435
\T1/lmr/m/n/10.95 The two pho-to-di-odes then mea-sure the pho-tocur-rents $[] \OT1/lmr/m/n/10.95 = \OML/lmm/m/it/10.95 e [][]$ \T1/lmr/m/n/10.95 and $[] \OT1/lmr/m/n/10.95 = \OML/lmm/m/it/10.95 e [][]$\T1/lmr/m/n/10.95 .
 []


Underfull \hbox (badness 10000) in paragraph at lines 1449--1451

 []

)

[50]
\openout2 = `./chap3/chap3.aux'.

 (./chap3/chap3.tex
Chapter II.


[51




]
\openout5 = `mythesis.mtc'.

\openout5 = `mythesis.mtc'.

 (./mythesis.mtc3)

[52]
Underfull \hbox (badness 10000) in paragraph at lines 10--11

 []



[53]

LaTeX Warning: Citation 'harry_advanced_2010' on page 54 undefined on input line 77.


LaTeX Warning: Citation 'aasi_enhanced_2013' on page 54 undefined on input line 77.


LaTeX Warning: Citation 'braginsky_quantum_1992' on page 54 undefined on input line 77.


Overfull \hbox (33.78586pt too wide) in paragraph at lines 76--78
\T1/lmr/m/n/10.95 and con-sis-tent with the LIGO/Virgo no-ta-tion [[], []].
 []



[54]

LaTeX Warning: Reference `eq:total_displacement_spectrum' on page 55 undefined on input line 81.



[55]
<./chap3/fig/SQL0.pdf, id=36923, 423.94608pt x 426.79132pt>
File: ./chap3/fig/SQL0.pdf Graphic file (type pdf)
<use ./chap3/fig/SQL0.pdf>
Package pdftex.def Info: ./chap3/fig/SQL0.pdf  used on input line 105.
(pdftex.def)             Requested size: 438.17245pt x 441.11734pt.


LaTeX Warning: Reference `fig:freq_indep_squeezing' on page 56 undefined on input line 135.



[56]

[57 <./chap3/fig/SQL0.pdf>]

LaTeX Warning: Reference `fig:freq_indep_squeezing' on page 58 undefined on input line 152.


Underfull \hbox (badness 10000) in paragraph at lines 154--155

 []



[58]

LaTeX Warning: Reference `fig:freq_dep_squeezing' on page 59 undefined on input line 185.


Underfull \hbox (badness 10000) in paragraph at lines 184--186

 []

<./chap3/fig/chi_meca.pdf, id=37007, 423.94608pt x 142.26378pt>
File: ./chap3/fig/chi_meca.pdf Graphic file (type pdf)
<use ./chap3/fig/chi_meca.pdf>
Package pdftex.def Info: ./chap3/fig/chi_meca.pdf  used on input line 189.
(pdftex.def)             Requested size: 438.17245pt x 147.03911pt.

LaTeX Warning: Citation 'harry_advanced_2010' on page 59 undefined on input line 198.


LaTeX Warning: Citation 'aasi_enhanced_2013' on page 59 undefined on input line 198.


Overfull \hbox (38.37999pt too wide) in paragraph at lines 197--199
\T1/lmr/m/n/10.95 down to the ex-pres-sion used in the con-text of grav-i-ta-tional wave de-tec-tors [[],
 []



[59]

[60 <./chap3/fig/chi_meca.pdf>]

LaTeX Warning: Citation 'thompson_strong_2008' on page 61 undefined on input line 237.



[61]

LaTeX Warning: Reference `eq:cavity_fields_system' on page 62 undefined on input line 289.



[62]

[63]

LaTeX Warning: Citation 'dumont_cavity_2017' on page 64 undefined on input line 335.


LaTeX Warning: Citation 'thompson_strong_2008' on page 64 undefined on input line 337.


LaTeX Warning: Citation 'thompson_coupling_2013' on page 64 undefined on input line 337.


LaTeX Warning: Citation 'thompson_strong_2008' on page 64 undefined on input line 341.


LaTeX Warning: Reference `fig:mate_modes' on page 64 undefined on input line 344.



[64]

LaTeX Warning: Citation 'thompson_strong_2008' on page 65 undefined on input line 366.


Overfull \hbox (67.59581pt too wide) in paragraph at lines 365--367
\T1/lmr/m/n/10.95 where $\OML/lmm/m/it/10.95 J \OT1/lmr/m/n/10.95 = \OML/lmm/m/it/10.95 c\OMS/lmsy/m/n/10.95 j\OML/lmm/m/it/10.95 t[]\OMS/lmsy/m/n/10.95 j\OML/lmm/m/it/10.95 =\OT1/lmr/m/n/10.95 2[]$ \T1/lmr/m/n/10.95 is the pho-ton tun-nel-ing rate through the mem-brane [[]],
 []



[65]

LaTeX Warning: Citation 'xu_cavity_2016' on page 66 undefined on input line 417.



[66]

LaTeX Warning: Citation 'thompson_strong_2008' on page 67 undefined on input line 423.


LaTeX Warning: Citation 'xu_cavity_2016' on page 67 undefined on input line 423.


LaTeX Warning: Citation 'purdy_observation_2013' on page 67 undefined on input line 423.


LaTeX Warning: Citation 'peterson_laser_2016' on page 67 undefined on input line 423.



[67]

LaTeX Warning: Reference `eq:H' on page 68 undefined on input line 507.


LaTeX Warning: Reference `eq:slaving' on page 68 undefined on input line 522.


LaTeX Warning: Reference `eq:EOM' on page 68 undefined on input line 522.


LaTeX Warning: Reference `eq:ae-effective' on page 68 undefined on input line 527.


LaTeX Warning: Reference `eq:ratios' on page 68 undefined on input line 538.


LaTeX Warning: Reference `eq:slaving' on page 68 undefined on input line 538.


Overfull \hbox (20.64682pt too wide) in paragraph at lines 538--539
 []\T1/lmr/bx/n/10.95 Connection to eigen-vec-tors.[] \T1/lmr/m/n/10.95 Us-ing [], for the branch con-nected to $\OML/lmm/m/it/10.95 a$ \T1/lmr/m/n/10.95 one has $\OMS/lmsy/m/n/10.95 j\OML/lmm/m/it/10.95 ^^L=\OMS/lmsy/m/n/10.95 j\OML/lmm/m/it/10.95 ; \OMS/lmsy/m/n/10.95 j\OML/lmm/m/it/10.95 ^^M=\OMS/lmsy/m/n/10.95 j \OT1/lmr/m/n/10.95 =
 []



[68]

LaTeX Warning: Reference `eq:ratios' on page 69 undefined on input line 541.


LaTeX Warning: Reference `eq:omega-phys-compact' on page 69 undefined on input line 565.



[69]

LaTeX Warning: Reference `eq:omega-phys-first' on page 70 undefined on input line 603.


LaTeX Warning: Reference `eq:omega-phys-compact' on page 70 undefined on input line 617.


Overfull \hbox (5.24327pt too wide) in paragraph at lines 621--630
\T1/lmr/m/n/10.95 The small pa-ram-e-ter gov-ern-ing all steps is $\OML/lmm/m/it/10.95 "[] \OT1/lmr/m/n/10.95 = \OML/lmm/m/it/10.95 J=\OMS/lmsy/m/n/10.95 j\OML/lmm/m/it/10.95 ^^N[] \OMS/lmsy/m/n/10.95 ^^@ \OML/lmm/m/it/10.95 !\OMS/lmsy/m/n/10.95 j$\T1/lmr/m/n/10.95 . With losses, $\OML/lmm/m/it/10.95 "[] \OT1/lmr/m/n/10.95 = \OML/lmm/m/it/10.95 J=[]$\T1/lmr/m/n/10.95 .
 []


LaTeX Warning: Reference `eq:omega-phys-compact' on page 70 undefined on input line 644.


LaTeX Warning: Reference `eq:omega-linear' on page 70 undefined on input line 644.



[70]

[71]
Overfull \hbox (64.17064pt too wide) in paragraph at lines 704--706
\T1/lmr/m/n/10.95 revealing two in-de-pen-dent har-monic os-cil-la-tors whose fre-quency split-ting $\OML/lmm/m/it/10.95 ![] \OMS/lmsy/m/n/10.95 ^^@ \OML/lmm/m/it/10.95 ![] \OT1/lmr/m/n/10.95 = 2[]$
 []

)

[72]
\openout2 = `./chap4/chap4.aux'.

 (./chap4/chap4.tex
Chapter III.

LaTeX Warning: Citation 'Neuhauser_Thesis_2021' on page 73 undefined on input line 2.


LaTeX Warning: Citation 'PyRPL_Docs' on page 73 undefined on input line 2.


LaTeX Warning: Citation 'PyRPL_Article' on page 73 undefined on input line 2.

\openout5 = `mythesis.mtc'.

\openout5 = `mythesis.mtc'.

(./mythesis.mtc4)

[73




]

LaTeX Warning: Reference `eq:Vmeas' on page 74 undefined on input line 40.



[74]
Underfull \hbox (badness 10000) in paragraph at lines 52--54

 []


Underfull \hbox (badness 10000) in paragraph at lines 65--67

 []



[75]
Underfull \hbox (badness 10000) in paragraph at lines 75--77

 []


Underfull \hbox (badness 10000) in paragraph at lines 78--79

 []


Underfull \hbox (badness 10000) in paragraph at lines 80--82

 []


Underfull \hbox (badness 10000) in paragraph at lines 83--85

 []


Underfull \hbox (badness 10000) in paragraph at lines 86--88

 []


Underfull \hbox (badness 10000) in paragraph at lines 89--91

 []


Underfull \hbox (badness 10000) in paragraph at lines 92--94

 []


Underfull \hbox (badness 10000) in paragraph at lines 99--101

 []



[76]
Underfull \hbox (badness 10000) in paragraph at lines 102--103

 []


LaTeX Warning: Citation 'PyRPL_Article' on page 77 undefined on input line 108.


LaTeX Warning: Citation 'PyRPL_Docs' on page 77 undefined on input line 108.


LaTeX Warning: Citation 'Neuhauser_Thesis_2021' on page 77 undefined on input line 108.


LaTeX Warning: Citation 'PyRPL_Docs' on page 77 undefined on input line 108.


Underfull \hbox (badness 10000) in paragraph at lines 108--109

 []


Underfull \hbox (badness 10000) in paragraph at lines 110--111

 []



[77]
<./chap3/fig/IQraw.pdf, id=37220, 423.94608pt x 296.3361pt>
File: ./chap3/fig/IQraw.pdf Graphic file (type pdf)
<use ./chap3/fig/IQraw.pdf>
Package pdftex.def Info: ./chap3/fig/IQraw.pdf  used on input line 116.
(pdftex.def)             Requested size: 306.71938pt x 214.3973pt.
<./chap3/fig/IQuserB.pdf, id=37221, 423.94727pt x 334.46014pt>
File: ./chap3/fig/IQuserB.pdf Graphic file (type pdf)
<use ./chap3/fig/IQuserB.pdf>
Package pdftex.def Info: ./chap3/fig/IQuserB.pdf  used on input line 124.
(pdftex.def)             Requested size: 438.17245pt x 345.68689pt.

./chap4/chap4.tex:127: Missing $ inserted.
<inserted text> 
                $
l.127     }
           \label{fig:IQuserB}
I've inserted a begin-math/end-math symbol since I think
you left one out. Proceed, with fingers crossed.

./chap4/chap4.tex:127: Missing $ inserted.
<inserted text> 
                $
l.127     }
           \label{fig:IQuserB}
I've inserted a begin-math/end-math symbol since I think
you left one out. Proceed, with fingers crossed.

./chap4/chap4.tex:127: Missing $ inserted.
<inserted text> 
                $
l.127     }
           \label{fig:IQuserB}
I've inserted a begin-math/end-math symbol since I think
you left one out. Proceed, with fingers crossed.

./chap4/chap4.tex:127: Missing $ inserted.
<inserted text> 
                $
l.127     }
           \label{fig:IQuserB}
I've inserted a begin-math/end-math symbol since I think
you left one out. Proceed, with fingers crossed.


Overfull \hbox (541.50914pt too wide) in paragraph at lines 127--127
\T1/lmr/m/sl/10.95 quadrature$[]\OML/lmm/m/it/10.95 actor; themoduleactsasatunablenarrowbandfiltercenteredattheLOfrequency:\OT1/lmr/m/n/10.95 (\OML/lmm/m/it/10.95 b\OT1/lmr/m/n/10.95 )[]\OML/lmm/m/it/10.95 Asinusoidalexcitationisgeneratedbysettingtheamplituderegistertoanon \OMS/lmsy/m/n/10.95 ^^@
 []


Overfull \hbox (362.0605pt too wide) in paragraph at lines 127--127
\OML/lmm/m/it/10.95 zerovalueandroutingthesignalthroughoutput[]irect:TheresponseofthedeviceundertestisdemodulatedandaccumulatedintheNAregisterstoobtainaveragedin \OMS/lmsy/m/n/10.95 ^^@
 []


Overfull \hbox (1067.60474pt too wide) in paragraph at lines 127--127
\OML/lmm/m/it/10.95 phaseandquadraturecomponentswhilesweepingthefrequencyregister:\OT1/lmr/m/n/10.95 (\OML/lmm/m/it/10.95 c\OT1/lmr/m/n/10.95 )[]\OML/lmm/m/it/10.95 Withbothgainandamplitudesettozero; onlythedemodulationpathisactive:TheCORDICphaseestimatorcomputestheinstantaneousphaseoftheinputsignalrelativetotheLO; providingareal \OMS/lmsy/m/n/10.95 ^^@
 []


Underfull \hbox (badness 10000) in paragraph at lines 127--127
\OML/lmm/m/it/10.95 timephaseorfrequencyerrorsuitablefordigitalphase \OMS/lmsy/m/n/10.95 ^^@ \OML/lmm/m/it/10.95 locked \OMS/lmsy/m/n/10.95 ^^@
 []


Overfull \hbox (130.7537pt too wide) in paragraph at lines 127--127
\OML/lmm/m/it/10.95 loopoperation:\OT1/lmr/m/n/10.95 (\OML/lmm/m/it/10.95 d\OT1/lmr/m/n/10.95 )[]\OML/lmm/m/it/10.95 Asmallmodulationtoneisgeneratedviaanon \OMS/lmsy/m/n/10.95 ^^@
 []


Overfull \hbox (208.25395pt too wide) in paragraph at lines 127--127
\OML/lmm/m/it/10.95 zeroamplitudevalueandappliedtotheactuatorusingoutput[]irect:Theincomingsignalisdemodulatedatthesamefrequency; low \OMS/lmsy/m/n/10.95 ^^@
 []


Overfull \hbox (132.27899pt too wide) in paragraph at lines 127--127
\OML/lmm/m/it/10.95 passfiltered; andoneofthedemodulatedquadraturesisroutedasthePDHerrorsignalbyselectingoutput[]ignal \OT1/lmr/m/n/10.95 =
 []


Overfull \hbox (554.54411pt too wide) in paragraph at lines 127--127
\OML/lmm/m/it/10.95 quadrature:Together; theseconfigurationshighlighttheversatilityoftheIQmoduleinimplementingfiltering; networkanalysis; phasedetection; anddigitallockingschemeswithinthesameFPGAblock:$ 
 []



[78]
pdfTeX warning (ext4): destination with the same identifier (name{equation.3.8}) has been already used, duplicate ignored
<to be read again> 
                   \relax 
l.136 \begin{equation}
                      
pdfTeX warning (ext4): destination with the same identifier (name{equation.3.8}) has been already used, duplicate ignored
<to be read again> 
                   \relax 
l.136 \begin{equation}
                      
pdfTeX warning (ext4): destination with the same identifier (name{equation.3.8}) has been already used, duplicate ignored
<to be read again> 
                   \relax 
l.136 \begin{equation}
                      
pdfTeX warning (ext4): destination with the same identifier (name{equation.3.8}) has been already used, duplicate ignored
<to be read again> 
                   \relax 
l.136 \begin{equation}
                      
Underfull \hbox (badness 10000) in paragraph at lines 138--141

 []


Underfull \hbox (badness 10000) in paragraph at lines 142--143

 []



[79 <./chap3/fig/IQraw.pdf>]

[80 <./chap3/fig/IQuserB.pdf>]
Underfull \hbox (badness 10000) in paragraph at lines 150--152

 []


Overfull \hbox (1.6772pt too wide) in paragraph at lines 162--163
\T1/lmr/m/n/10.95 Another key tech-nique ex-ten-sively used in this work is the \T1/lmr/m/it/10.95 Pound-Drever-Hall \T1/lmr/m/n/10.95 (PDH) method,
 []



[81]
LaTeX Font Info:    Trying to load font information for U+euf on input line 164.
 (c:/texlive/2025/texmf-dist/tex/latex/amsfonts/ueuf.fd
File: ueuf.fd 2013/01/14 v3.01 Euler Fraktur
)
Underfull \hbox (badness 10000) in paragraph at lines 165--167

 []

<./chap3/fig/PDHplots.pdf, id=37247, 423.94608pt x 199.1693pt>
File: ./chap3/fig/PDHplots.pdf Graphic file (type pdf)
<use ./chap3/fig/PDHplots.pdf>
Package pdftex.def Info: ./chap3/fig/PDHplots.pdf  used on input line 171.
(pdftex.def)             Requested size: 438.17245pt x 205.85475pt.


[82 <./chap3/fig/PDHplots.pdf>])

[83]
\openout2 = `appA.aux'.

 (./appA.tex

[84




]

[85]

[86]

[87]

[88]

[89]
Overfull \hbox (42.10345pt too wide) detected at line 181
[]\OT1/lmr/m/n/10.95 (\OML/lmm/m/it/10.95 r; ^^R\OT1/lmr/m/n/10.95 ) [][
] [](\OML/lmm/m/it/10.95 r; ^^R\OT1/lmr/m/n/10.95 ) = \OT1/lmr/bx/n/10.95 S\OT1/lmr/m/n/10.95 (\OML/lmm/m/it/10.95 r; ^^R\OT1/lmr/m/n/10.95 ) [][
] \OML/lmm/m/it/10.95 ;  [] \OT1/lmr/bx/n/10.95 S\OT1/lmr/m/n/10.95 (\OML/lmm/m/it/10.95 r; ^^R\OT1/lmr/m/n/10.95 ) = [] \OML/lmm/m/it/10.95 :
 []



[90]

[91]

[92]
Overfull \hbox (38.79158pt too wide) detected at line 302
[]
 []



[93]

LaTeX Warning: Reference `eq:Sqq_linearform' on page 94 undefined on input line 342.


LaTeX Warning: Reference `eq:Sqq_linearform' on page 94 undefined on input line 360.


LaTeX Warning: Reference `eq:Smin_general' on page 94 undefined on input line 369.



[94]

[95

]

[96]
Overfull \hbox (28.062pt too wide) detected at line 456
[][][]\OML/lmm/m/it/10.95 E[]\OT1/lmr/m/n/10.95 (\OML/lmm/m/it/10.95 t\OT1/lmr/m/n/10.95 ) = \OML/lmm/m/it/10.95 i[] [] []
 []



[97]

LaTeX Warning: Reference `eq:intensity_beats' on page 98 undefined on input line 496.


LaTeX Warning: Reference `eq:error_signal_general' on page 98 undefined on input line 525.



[98]

LaTeX Warning: Reference `eq:pdh_final' on page 99 undefined on input line 543.

)

[99]

[100



]

[101]

[102

]

[103]

[104

]
LaTeX Font Info:    Trying to load font information for T1+lmtt on input line 79.
 (c:/texlive/2025/texmf-dist/tex/latex/lm/t1lmtt.fd
File: t1lmtt.fd 2015/05/01 v1.6.1 Font defs for Latin Modern
)

[105]
*geometry* verbose mode - [ newgeometry ] result:
* driver: pdftex
* paper: a4paper
* layout: <same size as paper>
* layoutoffset:(h,v)=(0.0pt,0.0pt)
* modes: twoside 
* h-part:(L,W,R)=(56.9055pt, 483.69687pt, 56.9055pt)
* v-part:(T,H,B)=(56.9055pt, 731.23584pt, 56.9055pt)
* \paperwidth=597.50787pt
* \paperheight=845.04684pt
* \textwidth=483.69687pt
* \textheight=731.23584pt
* \oddsidemargin=-15.36449pt
* \evensidemargin=-15.36449pt
* \topmargin=-47.23828pt
* \headheight=12.0pt
* \headsep=19.8738pt
* \topskip=11.0pt
* \footskip=27.46295pt
* \marginparwidth=106.0pt
* \marginparsep=7.0pt
* \columnsep=10.0pt
* \skip\footins=10.0pt plus 4.0pt minus 2.0pt
* \hoffset=0.0pt
* \voffset=0.0pt
* \mag=1000
* \@twocolumnfalse
* \@twosidetrue
* \@mparswitchtrue
* \@reversemarginfalse
* (1in=72.27pt=25.4mm, 1cm=28.453pt)



[106


]

[107]

[108

]
Package minitoc Info: I0009
(minitoc)             Listing minitoc auxiliary files. 
(minitoc)             Creating the mythesis.maf file.
\openout5 = `mythesis.maf'.

Package minitoc(hints) Info: I0053
(minitoc(hints))             You have loaded the float package; 
(minitoc(hints))             please be aware that the minitoc package 
(minitoc(hints))             facilities can not be used for new types 
(minitoc(hints))             of floats defined by the float package.


Package minitoc(hints) Warning: W0024
(minitoc(hints))                Some hints have been written 
(minitoc(hints))                in the mythesis.log file.



[109

] (./mythesis.aux (./thanks.aux) (./chap1/chap1.aux) (./chap2/chap2.aux) (./chap3/chap3.aux) (./chap4/chap4.aux) (./appA.aux))
 ***********
LaTeX2e <2024-11-01> patch level 2
L3 programming layer <2025-04-29>
 ***********


LaTeX Warning: There were undefined references.


LaTeX Warning: Label(s) may have changed. Rerun to get cross-references right.


Package rerunfilecheck Warning: File `mythesis.out' has changed.
(rerunfilecheck)                Rerun to get outlines right
(rerunfilecheck)                or use package `bookmark'.

Package rerunfilecheck Info: Checksums for `mythesis.out':
(rerunfilecheck)             Before: <no file>
(rerunfilecheck)             After:  80B0F6A9317074020B85833916B11280;9422.

Package biblatex Warning: Please (re)run Biber on the file:
(biblatex)                mythesis
(biblatex)                and rerun LaTeX afterwards.

Package logreq Info: Writing requests to 'mythesis.run.xml'.
\openout1 = `mythesis.run.xml'.

 ) 
Here is how much of TeX's memory you used:
 38635 strings out of 469590
 714815 string characters out of 5474519
 1568456 words of memory out of 5000000
 64306 multiletter control sequences out of 15000+600000
 756342 words of font info for 137 fonts, out of 8000000 for 9000
 1141 hyphenation exceptions out of 8191
 98i,22n,117p,1999b,1851s stack positions out of 10000i,1000n,20000p,200000b,200000s
<c:/texlive/2025/texmf-dist/fonts/type1/public/amsfonts/cm/cmmi10.pfb><c:/texlive/2025/texmf-dist/fonts/type1/public/amsfonts/cm/cmmi6.pfb><c:/texlive/2025/texmf-dist/fonts/type1/public/amsfonts/cm/cmmi8.pfb><c:/texlive/2025/texmf-dist/fonts/type1/public/amsfonts/cm/cmmi9.pfb><c:/texlive/2025/texmf-dist/fonts/type1/public/amsfonts/cm/cmr10.pfb><c:/texlive/2025/texmf-dist/fonts/type1/public/amsfonts/cm/cmr6.pfb><c:/texlive/2025/texmf-dist/fonts/type1/public/amsfonts/cm/cmr8.pfb><c:/texlive/2025/texmf-dist/fonts/type1/public/amsfonts/cm/cmr9.pfb><c:/texlive/2025/texmf-dist/fonts/type1/public/amsfonts/cm/cmsy9.pfb><c:/texlive/2025/texmf-dist/fonts/type1/public/amsfonts/euler/eufm10.pfb><c:/texlive/2025/texmf-dist/fonts/type1/public/lm/lmbx10.pfb><c:/texlive/2025/texmf-dist/fonts/type1/public/lm/lmbx12.pfb><c:/texlive/2025/texmf-dist/fonts/type1/public/lm/lmbx8.pfb><c:/texlive/2025/texmf-dist/fonts/type1/public/lm/lmbxo10.pfb><c:/texlive/2025/texmf-dist/fonts/type1/public/lm/lmcsc10.pfb><c:/texlive/2025/texmf-dist/fonts/type1/public/lm/lmex10.pfb><c:/texlive/2025/texmf-dist/fonts/type1/public/lm/lmmi10.pfb><c:/texlive/2025/texmf-dist/fonts/type1/public/lm/lmmi6.pfb><c:/texlive/2025/texmf-dist/fonts/type1/public/lm/lmmi8.pfb><c:/texlive/2025/texmf-dist/fonts/type1/public/lm/lmmib10.pfb><c:/texlive/2025/texmf-dist/fonts/type1/public/lm/lmr10.pfb><c:/texlive/2025/texmf-dist/fonts/type1/public/lm/lmr6.pfb><c:/texlive/2025/texmf-dist/fonts/type1/public/lm/lmr8.pfb><c:/texlive/2025/texmf-dist/fonts/type1/public/lm/lmri10.pfb><c:/texlive/2025/texmf-dist/fonts/type1/public/lm/lmro10.pfb><c:/texlive/2025/texmf-dist/fonts/type1/public/lm/lmsy10.pfb><c:/texlive/2025/texmf-dist/fonts/type1/public/lm/lmsy6.pfb><c:/texlive/2025/texmf-dist/fonts/type1/public/lm/lmsy8.pfb><c:/texlive/2025/texmf-dist/fonts/type1/public/lm/lmtt10.pfb><c:/texlive/2025/texmf-dist/fonts/type1/public/amsfonts/symbols/msam10.pfb><c:/texlive/2025/texmf-dist/fonts/type1/public/amsfonts/symbols/msbm10.pfb>
Output written on mythesis.pdf (117 pages, 5374931 bytes).
PDF statistics:
 37712 PDF objects out of 38293 (max. 8388607)
 25278 compressed objects within 253 object streams
 490 named destinations out of 1000 (max. 500000)
 103 words of extra memory for PDF output out of 10000 (max. 10000000)

